#
# There is insufficient memory for the Java Runtime Environment to continue.
# Native memory allocation (malloc) failed to allocate 1048576 bytes. Error detail: AllocateHeap
# Possible reasons:
#   The system is out of physical RAM or swap space
#   This process is running with CompressedOops enabled, and the Java Heap may be blocking the growth of the native heap
# Possible solutions:
#   Reduce memory load on the system
#   Increase physical memory or swap space
#   Check if swap backing store is full
#   Decrease Java heap size (-Xmx/-Xms)
#   Decrease number of Java threads
#   Decrease Java thread stack sizes (-Xss)
#   Set larger code cache with -XX:ReservedCodeCacheSize=
#   JVM is running with Unscaled Compressed Oops mode in which the Java heap is
#     placed in the first 4GB address space. The Java Heap base address is the
#     maximum limit for the native heap growth. Please use -XX:HeapBaseMinAddress
#     to set the Java Heap base and to place the Java Heap above 4GB virtual address.
# This output file may be truncated or incomplete.
#
#  Out of Memory Error (allocation.cpp:44), pid=7184, tid=14312
#
# JRE version: OpenJDK Runtime Environment Temurin-21.0.9+10 (21.0.9+10) (build 21.0.9+10-LTS)
# Java VM: OpenJDK 64-Bit Server VM Temurin-21.0.9+10 (21.0.9+10-LTS, mixed mode, sharing, tiered, compressed oops, compressed class ptrs, parallel gc, windows-amd64)
# No core dump will be written. Minidumps are not enabled by default on client versions of Windows
#

---------------  S U M M A R Y ------------

Command Line: --add-modules=ALL-SYSTEM --add-opens=java.base/java.util=ALL-UNNAMED --add-opens=java.base/java.lang=ALL-UNNAMED --add-opens=java.base/sun.nio.fs=ALL-UNNAMED -Declipse.application=org.eclipse.jdt.ls.core.id1 -Dosgi.bundles.defaultStartLevel=4 -Declipse.product=org.eclipse.jdt.ls.core.product -Djava.import.generatesMetadataFilesAtProjectRoot=false -DDetectVMInstallationsJob.disabled=true -Dfile.encoding=utf8 -XX:+UseParallelGC -XX:GCTimeRatio=4 -XX:AdaptiveSizePolicyWeight=90 -Dsun.zip.disableMemoryMapping=true -Xmx2G -Xms100m -Xlog:disable -javaagent:c:\Users\PC\.vscode\extensions\redhat.java-1.51.0-win32-x64\lombok\lombok-1.18.39-4050.jar -XX:+HeapDumpOnOutOfMemoryError -XX:HeapDumpPath=c:\Users\PC\AppData\Roaming\Code\User\workspaceStorage\87fc08404a33153041d46c5984720faa\redhat.java -Daether.dependencyCollector.impl=bf c:\Users\PC\.vscode\extensions\redhat.java-1.51.0-win32-x64\server\plugins\org.eclipse.equinox.launcher_1.7.100.v20251111-0406.jar -configuration c:\Users\PC\AppData\Roaming\Code\User\globalStorage\redhat.java\1.51.0\config_win -data c:\Users\PC\AppData\Roaming\Code\User\workspaceStorage\87fc08404a33153041d46c5984720faa\redhat.java\jdt_ws --pipe=\\.\pipe\lsp-a471ebdf3969fe347c4d946e7f2ece7d-sock

Host: Intel(R) Core(TM) i5-8250U CPU @ 1.60GHz, 8 cores, 7G,  Windows 11 , 64 bit Build 26100 (10.0.26100.7309)
Time: Wed Jan  7 22:56:02 2026 Morocco Summer Time elapsed time: 229.707110 seconds (0d 0h 3m 49s)

---------------  T H R E A D  ---------------

Current thread (0x000001aebe2c3690):  JavaThread "Attach Listener" daemon [_thread_in_vm, id=14312, stack(0x0000003a42d00000,0x0000003a42e00000) (1024K)]

Stack: [0x0000003a42d00000,0x0000003a42e00000]
Native frames: (J=compiled Java code, j=interpreted, Vv=VM code, C=native code)
V  [jvm.dll+0x6d6e29]
V  [jvm.dll+0x8b4b76]
V  [jvm.dll+0x8b712e]
V  [jvm.dll+0x8b7813]
V  [jvm.dll+0x283d86]
V  [jvm.dll+0xc1277]
V  [jvm.dll+0x6d76d9]
V  [jvm.dll+0x133466]
V  [jvm.dll+0x3f7ea6]
V  [jvm.dll+0x85e9ad]
V  [jvm.dll+0x6d565d]
C  [ucrtbase.dll+0x37b0]
C  [KERNEL32.DLL+0x2e8d7]
C  [ntdll.dll+0x8c53c]


---------------  P R O C E S S  ---------------

Threads class SMR info:
_java_thread_list=0x000001af208ab770, length=55, elements={
0x000001aebbebc5a0, 0x000001aebe2baa60, 0x000001aebe2bfef0, 0x000001aebe2c2a40,
0x000001aebe2c3690, 0x000001aebe2c8a60, 0x000001aebe2d1c10, 0x000001aebe2e6560,
0x000001aebe2e6e60, 0x000001aebe2d0ef0, 0x000001aebe2d22a0, 0x000001aebe2d2930,
0x000001aebe2d3ce0, 0x000001aebe2d3650, 0x000001aebe2d2fc0, 0x000001aebe2d1580,
0x000001aebe2d0860, 0x000001af1c9ff8b0, 0x000001af1c9fe500, 0x000001af1c9fde70,
0x000001af1ca005d0, 0x000001af1ca012f0, 0x000001af1ca00c60, 0x000001af1ca01980,
0x000001af1ca02010, 0x000001af1c9fff40, 0x000001af1c9feb90, 0x000001af1ca026a0,
0x000001af1c9ff220, 0x000001af1ca033c0, 0x000001af1ca02d30, 0x000001af1ca05490,
0x000001af1ca04e00, 0x000001af1ca03a50, 0x000001af1ca040e0, 0x000001af1ca04770,
0x000001af1e1c47d0, 0x000001af1e1c3ab0, 0x000001af1e1c4e60, 0x000001af1e1c2700,
0x000001af1e1c2d90, 0x000001af1e1c19e0, 0x000001af1e1c54f0, 0x000001af1e1c68a0,
0x000001af1e1c6f30, 0x000001af1e1c7c50, 0x000001af1e1c82e0, 0x000001af1e0c4e30,
0x000001af1e0c26d0, 0x000001af1e0c54c0, 0x000001af1e0c61e0, 0x000001af1e0c8fd0,
0x000001af1e1c3420, 0x000001af1ef08e00, 0x000001af1ef073c0
}

Java Threads: ( => current thread )
  0x000001aebbebc5a0 JavaThread "main"                              [_thread_blocked, id=7728, stack(0x0000003a42600000,0x0000003a42700000) (1024K)]
  0x000001aebe2baa60 JavaThread "Reference Handler"          daemon [_thread_blocked, id=18344, stack(0x0000003a42a00000,0x0000003a42b00000) (1024K)]
  0x000001aebe2bfef0 JavaThread "Finalizer"                  daemon [_thread_blocked, id=15520, stack(0x0000003a42b00000,0x0000003a42c00000) (1024K)]
  0x000001aebe2c2a40 JavaThread "Signal Dispatcher"          daemon [_thread_blocked, id=10548, stack(0x0000003a42c00000,0x0000003a42d00000) (1024K)]
=>0x000001aebe2c3690 JavaThread "Attach Listener"            daemon [_thread_in_vm, id=14312, stack(0x0000003a42d00000,0x0000003a42e00000) (1024K)]
  0x000001aebe2c8a60 JavaThread "Service Thread"             daemon [_thread_blocked, id=12628, stack(0x0000003a42e00000,0x0000003a42f00000) (1024K)]
  0x000001aebe2d1c10 JavaThread "Monitor Deflation Thread"   daemon [_thread_blocked, id=11040, stack(0x0000003a42f00000,0x0000003a43000000) (1024K)]
  0x000001aebe2e6560 JavaThread "C2 CompilerThread0"         daemon [_thread_blocked, id=7612, stack(0x0000003a43000000,0x0000003a43100000) (1024K)]
  0x000001aebe2e6e60 JavaThread "C1 CompilerThread0"         daemon [_thread_blocked, id=12764, stack(0x0000003a43100000,0x0000003a43200000) (1024K)]
  0x000001aebe2d0ef0 JavaThread "Common-Cleaner"             daemon [_thread_blocked, id=13476, stack(0x0000003a43200000,0x0000003a43300000) (1024K)]
  0x000001aebe2d22a0 JavaThread "Notification Thread"        daemon [_thread_blocked, id=3456, stack(0x0000003a43400000,0x0000003a43500000) (1024K)]
  0x000001aebe2d2930 JavaThread "Active Thread: Equinox Container: 5ddce58e-f97c-4e4f-abb9-fb120f4027f1"        [_thread_blocked, id=4592, stack(0x0000003a43c00000,0x0000003a43d00000) (1024K)]
  0x000001aebe2d3ce0 JavaThread "Refresh Thread: Equinox Container: 5ddce58e-f97c-4e4f-abb9-fb120f4027f1" daemon [_thread_blocked, id=17504, stack(0x0000003a43e00000,0x0000003a43f00000) (1024K)]
  0x000001aebe2d3650 JavaThread "Framework Event Dispatcher: Equinox Container: 5ddce58e-f97c-4e4f-abb9-fb120f4027f1" daemon [_thread_blocked, id=1956, stack(0x0000003a43f00000,0x0000003a44000000) (1024K)]
  0x000001aebe2d2fc0 JavaThread "Start Level: Equinox Container: 5ddce58e-f97c-4e4f-abb9-fb120f4027f1" daemon [_thread_blocked, id=17732, stack(0x0000003a44000000,0x0000003a44100000) (1024K)]
  0x000001aebe2d1580 JavaThread "Bundle File Closer"         daemon [_thread_blocked, id=1872, stack(0x0000003a44100000,0x0000003a44200000) (1024K)]
  0x000001aebe2d0860 JavaThread "SCR Component Actor"        daemon [_thread_blocked, id=16016, stack(0x0000003a44200000,0x0000003a44300000) (1024K)]
  0x000001af1c9ff8b0 JavaThread "Worker-JM"                         [_thread_blocked, id=2856, stack(0x0000003a44300000,0x0000003a44400000) (1024K)]
  0x000001af1c9fe500 JavaThread "JNA Cleaner"                daemon [_thread_blocked, id=18392, stack(0x0000003a43300000,0x0000003a43400000) (1024K)]
  0x000001af1c9fde70 JavaThread "Worker-0"                          [_thread_blocked, id=17628, stack(0x0000003a43500000,0x0000003a43600000) (1024K)]
  0x000001af1ca005d0 JavaThread "Worker-1"                          [_thread_blocked, id=9640, stack(0x0000003a44400000,0x0000003a44500000) (1024K)]
  0x000001af1ca012f0 JavaThread "Java indexing"              daemon [_thread_blocked, id=15308, stack(0x0000003a44700000,0x0000003a44800000) (1024K)]
  0x000001af1ca00c60 JavaThread "Worker-2"                          [_thread_blocked, id=14996, stack(0x0000003a44800000,0x0000003a44900000) (1024K)]
  0x000001af1ca01980 JavaThread "Worker-3"                          [_thread_blocked, id=16864, stack(0x0000003a44b00000,0x0000003a44c00000) (1024K)]
  0x000001af1ca02010 JavaThread "Worker-4"                          [_thread_blocked, id=1456, stack(0x0000003a44c00000,0x0000003a44d00000) (1024K)]
  0x000001af1c9fff40 JavaThread "Thread-1"                   daemon [_thread_in_native, id=8268, stack(0x0000003a44d00000,0x0000003a44e00000) (1024K)]
  0x000001af1c9feb90 JavaThread "Thread-2"                   daemon [_thread_in_native, id=6804, stack(0x0000003a44e00000,0x0000003a44f00000) (1024K)]
  0x000001af1ca026a0 JavaThread "Thread-3"                   daemon [_thread_in_native, id=7620, stack(0x0000003a44f00000,0x0000003a45000000) (1024K)]
  0x000001af1c9ff220 JavaThread "Thread-4"                   daemon [_thread_in_native, id=3036, stack(0x0000003a45000000,0x0000003a45100000) (1024K)]
  0x000001af1ca033c0 JavaThread "Thread-5"                   daemon [_thread_in_native, id=9084, stack(0x0000003a45100000,0x0000003a45200000) (1024K)]
  0x000001af1ca02d30 JavaThread "Thread-6"                   daemon [_thread_in_native, id=2480, stack(0x0000003a45200000,0x0000003a45300000) (1024K)]
  0x000001af1ca05490 JavaThread "Thread-7"                   daemon [_thread_in_native, id=12156, stack(0x0000003a45300000,0x0000003a45400000) (1024K)]
  0x000001af1ca04e00 JavaThread "Thread-8"                   daemon [_thread_in_native, id=3296, stack(0x0000003a45400000,0x0000003a45500000) (1024K)]
  0x000001af1ca03a50 JavaThread "Thread-9"                   daemon [_thread_in_native, id=2644, stack(0x0000003a45500000,0x0000003a45600000) (1024K)]
  0x000001af1ca040e0 JavaThread "pool-2-thread-1"                   [_thread_blocked, id=17768, stack(0x0000003a45600000,0x0000003a45700000) (1024K)]
  0x000001af1ca04770 JavaThread "WorkspaceEventsHandler"            [_thread_blocked, id=18428, stack(0x0000003a45700000,0x0000003a45800000) (1024K)]
  0x000001af1e1c47d0 JavaThread "pool-1-thread-1"                   [_thread_blocked, id=15008, stack(0x0000003a45800000,0x0000003a45900000) (1024K)]
  0x000001af1e1c3ab0 JavaThread "ForkJoinPool.commonPool-worker-1" daemon [_thread_blocked, id=896, stack(0x0000003a45900000,0x0000003a45a00000) (1024K)]
  0x000001af1e1c4e60 JavaThread "ForkJoinPool.commonPool-worker-2" daemon [_thread_blocked, id=6736, stack(0x0000003a45a00000,0x0000003a45b00000) (1024K)]
  0x000001af1e1c2700 JavaThread "ForkJoinPool.commonPool-worker-3" daemon [_thread_blocked, id=16664, stack(0x0000003a45b00000,0x0000003a45c00000) (1024K)]
  0x000001af1e1c2d90 JavaThread "ForkJoinPool.commonPool-worker-4" daemon [_thread_blocked, id=10652, stack(0x0000003a45c00000,0x0000003a45d00000) (1024K)]
  0x000001af1e1c19e0 JavaThread "ForkJoinPool.commonPool-worker-5" daemon [_thread_blocked, id=16648, stack(0x0000003a45d00000,0x0000003a45e00000) (1024K)]
  0x000001af1e1c54f0 JavaThread "ForkJoinPool.commonPool-worker-6" daemon [_thread_blocked, id=2876, stack(0x0000003a45e00000,0x0000003a45f00000) (1024K)]
  0x000001af1e1c68a0 JavaThread "ForkJoinPool.commonPool-worker-7" daemon [_thread_blocked, id=17684, stack(0x0000003a45f00000,0x0000003a46000000) (1024K)]
  0x000001af1e1c6f30 JavaThread "Worker-5"                          [_thread_blocked, id=1864, stack(0x0000003a46000000,0x0000003a46100000) (1024K)]
  0x000001af1e1c7c50 JavaThread "Compiler Source File Reader" daemon [_thread_blocked, id=2536, stack(0x0000003a46100000,0x0000003a46200000) (1024K)]
  0x000001af1e1c82e0 JavaThread "Compiler Processing Task"   daemon [_thread_blocked, id=12848, stack(0x0000003a46200000,0x0000003a46300000) (1024K)]
  0x000001af1e0c4e30 JavaThread "pool-1-thread-2"                   [_thread_blocked, id=9656, stack(0x0000003a44600000,0x0000003a44700000) (1024K)]
  0x000001af1e0c26d0 JavaThread "Cleaner-0"                  daemon [_thread_blocked, id=17248, stack(0x0000003a46300000,0x0000003a46400000) (1024K)]
  0x000001af1e0c54c0 JavaThread "Compiler Source File Reader" daemon [_thread_blocked, id=9992, stack(0x0000003a46400000,0x0000003a46500000) (1024K)]
  0x000001af1e0c61e0 JavaThread "Compiler Source File Reader" daemon [_thread_blocked, id=17672, stack(0x0000003a46500000,0x0000003a46600000) (1024K)]
  0x000001af1e0c8fd0 JavaThread "Compiler Source File Reader" daemon [_thread_blocked, id=1176, stack(0x0000003a46600000,0x0000003a46700000) (1024K)]
  0x000001af1e1c3420 JavaThread "Worker-6"                          [_thread_blocked, id=12228, stack(0x0000003a46700000,0x0000003a46800000) (1024K)]
  0x000001af1ef08e00 JavaThread "Compiler Source File Reader" daemon [_thread_blocked, id=9880, stack(0x0000003a42400000,0x0000003a42500000) (1024K)]
  0x000001af1ef073c0 JavaThread "Compiler Source File Reader" daemon [_thread_blocked, id=7148, stack(0x0000003a44500000,0x0000003a44600000) (1024K)]
Total: 55

Other Threads:
  0x000001aebe29fb10 VMThread "VM Thread"                           [id=17724, stack(0x0000003a42900000,0x0000003a42a00000) (1024K)]
  0x000001aebe1dca00 WatcherThread "VM Periodic Task Thread"        [id=3588, stack(0x0000003a42800000,0x0000003a42900000) (1024K)]
  0x000001aebe36c340 WorkerThread "GC Thread#0"                     [id=17968, stack(0x0000003a42700000,0x0000003a42800000) (1024K)]
  0x000001af1c87ede0 WorkerThread "GC Thread#1"                     [id=8004, stack(0x0000003a43600000,0x0000003a43700000) (1024K)]
  0x000001af1c87f180 WorkerThread "GC Thread#2"                     [id=2568, stack(0x0000003a43700000,0x0000003a43800000) (1024K)]
  0x000001af1c87f520 WorkerThread "GC Thread#3"                     [id=7224, stack(0x0000003a43800000,0x0000003a43900000) (1024K)]
  0x000001af1c892430 WorkerThread "GC Thread#4"                     [id=5876, stack(0x0000003a43900000,0x0000003a43a00000) (1024K)]
  0x000001af1c8927d0 WorkerThread "GC Thread#5"                     [id=9868, stack(0x0000003a43a00000,0x0000003a43b00000) (1024K)]
  0x000001af1c892b70 WorkerThread "GC Thread#6"                     [id=15536, stack(0x0000003a43b00000,0x0000003a43c00000) (1024K)]
  0x000001af1c59cb90 WorkerThread "GC Thread#7"                     [id=3688, stack(0x0000003a43d00000,0x0000003a43e00000) (1024K)]
Total: 10

Threads with active compile tasks:
Total: 0

VM state: not at safepoint (normal execution)

VM Mutex/Monitor currently owned by a thread: None

Heap address: 0x0000000080000000, size: 2048 MB, Compressed Oops mode: 32-bit

CDS archive(s) mapped at: [0x000001aed5000000-0x000001aed5ba0000-0x000001aed5ba0000), size 12189696, SharedBaseAddress: 0x000001aed5000000, ArchiveRelocationMode: 1.
Compressed class space mapped at: 0x000001aed6000000-0x000001af16000000, reserved size: 1073741824
Narrow klass base: 0x000001aed5000000, Narrow klass shift: 0, Narrow klass range: 0x100000000

GC Precious Log:
 CardTable entry size: 512
 CPUs: 8 total, 8 available
 Memory: 8071M
 Large Page Support: Disabled
 NUMA Support: Disabled
 Compressed Oops: Enabled (32-bit)
 Alignments: Space 512K, Generation 512K, Heap 2M
 Heap Min Capacity: 100M
 Heap Initial Capacity: 100M
 Heap Max Capacity: 2G
 Pre-touch: Disabled
 Parallel Workers: 8

Heap:
 PSYoungGen      total 5120K, used 4002K [0x00000000d5580000, 0x00000000d6480000, 0x0000000100000000)
  eden space 4608K, 75% used [0x00000000d5580000,0x00000000d58eb098,0x00000000d5a00000)
  from space 512K, 98% used [0x00000000d5f00000,0x00000000d5f7da30,0x00000000d5f80000)
  to   space 5120K, 0% used [0x00000000d5a00000,0x00000000d5a00000,0x00000000d5f00000)
 ParOldGen       total 939008K, used 938746K [0x0000000080000000, 0x00000000b9500000, 0x00000000d5580000)
  object space 939008K, 99% used [0x0000000080000000,0x00000000b94beb80,0x00000000b9500000)
 Metaspace       used 85903K, committed 87744K, reserved 1179648K
  class space    used 8714K, committed 9536K, reserved 1048576K

Card table byte_map: [0x000001aebdcf0000,0x000001aebe100000] _byte_map_base: 0x000001aebd8f0000

Marking Bits: (ParMarkBitMap*) 0x00007ff92a8e2460
 Begin Bits: [0x000001aed0800000, 0x000001aed2800000)
 End Bits:   [0x000001aed2800000, 0x000001aed4800000)

Polling page: 0x000001aebc370000

Metaspace:

Usage:
  Non-class:     75.38 MB used.
      Class:      8.51 MB used.
       Both:     83.89 MB used.

Virtual space:
  Non-class space:      128.00 MB reserved,      76.38 MB ( 60%) committed,  2 nodes.
      Class space:        1.00 GB reserved,       9.31 MB ( <1%) committed,  1 nodes.
             Both:        1.12 GB reserved,      85.69 MB (  7%) committed. 

Chunk freelists:
   Non-Class:  3.45 MB
       Class:  6.51 MB
        Both:  9.97 MB

MaxMetaspaceSize: unlimited
CompressedClassSpaceSize: 1.00 GB
Initial GC threshold: 21.00 MB
Current GC threshold: 140.31 MB
CDS: on
 - commit_granule_bytes: 65536.
 - commit_granule_words: 8192.
 - virtual_space_node_default_size: 8388608.
 - enlarge_chunks_in_place: 1.
 - use_allocation_guard: 0.


Internal statistics:

num_allocs_failed_limit: 9.
num_arena_births: 1846.
num_arena_deaths: 30.
num_vsnodes_births: 3.
num_vsnodes_deaths: 0.
num_space_committed: 1371.
num_space_uncommitted: 0.
num_chunks_returned_to_freelist: 45.
num_chunks_taken_from_freelist: 6342.
num_chunk_merges: 19.
num_chunk_splits: 3807.
num_chunks_enlarged: 2015.
num_inconsistent_stats: 0.

CodeHeap 'non-profiled nmethods': size=120000Kb used=21355Kb max_used=21355Kb free=98644Kb
 bounds [0x000001aec9020000, 0x000001aeca500000, 0x000001aed0550000]
CodeHeap 'profiled nmethods': size=120000Kb used=47529Kb max_used=50916Kb free=72470Kb
 bounds [0x000001aec1550000, 0x000001aec4710000, 0x000001aec8a80000]
CodeHeap 'non-nmethods': size=5760Kb used=1492Kb max_used=1607Kb free=4267Kb
 bounds [0x000001aec8a80000, 0x000001aec8cf0000, 0x000001aec9020000]
CodeCache: size=245760Kb, used=70376Kb, max_used=73878Kb, free=175381Kb
 total_blobs=20421, nmethods=19609, adapters=713, full_count=0
Compilation: enabled, stopped_count=0, restarted_count=0

Compilation events (20 events):
Event: 223.274 Thread 0x000001aebe2e6560 23240       4       java.nio.charset.CharsetDecoder::<init> (10 bytes)
Event: 223.275 Thread 0x000001aebe2e6560 nmethod 23240 0x000001aeca4f3310 code [0x000001aeca4f34e0, 0x000001aeca4f3718]
Event: 223.419 Thread 0x000001aebe2e6560 23246       4       org.eclipse.jdt.internal.compiler.parser.Parser::consumeExitVariableWithoutInitialization (58 bytes)
Event: 223.421 Thread 0x000001aebe2e6560 nmethod 23246 0x000001aeca4f3890 code [0x000001aeca4f3a40, 0x000001aeca4f3bf8]
Event: 223.421 Thread 0x000001aebe2e6560 23247       4       org.eclipse.jdt.internal.compiler.ast.ASTNode::handleNonNullByDefault (149 bytes)
Event: 223.422 Thread 0x000001aebe2e6560 nmethod 23247 0x000001aeca4f3d90 code [0x000001aeca4f3f20, 0x000001aeca4f3fc0]
Event: 223.443 Thread 0x000001aebe2e6e60 23248       3       org.eclipse.jface.text.CopyOnWriteTextStore::<init> (36 bytes)
Event: 223.444 Thread 0x000001aebe2e6e60 nmethod 23248 0x000001aec3795e10 code [0x000001aec3796020, 0x000001aec3796638]
Event: 223.444 Thread 0x000001aebe2e6e60 23249       3       org.eclipse.jface.text.AbstractDocument::completeInitialization (20 bytes)
Event: 223.444 Thread 0x000001aebe2e6e60 nmethod 23249 0x000001aec3149590 code [0x000001aec3149780, 0x000001aec3149c78]
Event: 223.533 Thread 0x000001aebe2e6e60 23250       3       org.eclipse.jdt.internal.core.CompilationUnit::equals (43 bytes)
Event: 223.534 Thread 0x000001aebe2e6e60 nmethod 23250 0x000001aec3795590 code [0x000001aec3795780, 0x000001aec3795ce8]
Event: 223.534 Thread 0x000001aebe2e6560 23251       4       org.eclipse.jdt.internal.codeassist.select.SelectionScanner::getCurrentIdentifierSource (106 bytes)
Event: 223.546 Thread 0x000001aebe2e6560 nmethod 23251 0x000001aeca4f4090 code [0x000001aeca4f4240, 0x000001aeca4f4650]
Event: 223.549 Thread 0x000001aebe2e6560 23252       4       lombok.eclipse.handlers.EclipseHandlerUtil::createAnnotation (392 bytes)
Event: 223.558 Thread 0x000001aebe2e6e60 23254       3       org.eclipse.core.internal.preferences.PreferencesService::getBoolean (36 bytes)
Event: 223.558 Thread 0x000001aebe2e6e60 nmethod 23254 0x000001aec3794e90 code [0x000001aec3795080, 0x000001aec37953b8]
Event: 223.604 Thread 0x000001aebe2e6560 nmethod 23252 0x000001aeca4f4890 code [0x000001aeca4f4be0, 0x000001aeca4f6898]
Event: 223.605 Thread 0x000001aebe2e6560 23253       4       lombok.eclipse.handlers.HandleEqualsAndHashCode::createTypeReference (604 bytes)
Event: 223.650 Thread 0x000001aebe2e6560 nmethod 23253 0x000001aeca4f7d90 code [0x000001aeca4f80a0, 0x000001aeca4f9c28]

GC Heap History (20 events):
Event: 219.747 GC heap before
{Heap before GC invocations=2129 (full 5):
 PSYoungGen      total 5120K, used 4631K [0x00000000d5580000, 0x00000000d5e80000, 0x0000000100000000)
  eden space 4096K, 100% used [0x00000000d5580000,0x00000000d5980000,0x00000000d5980000)
  from space 1024K, 52% used [0x00000000d5d80000,0x00000000d5e05f18,0x00000000d5e80000)
  to   space 1024K, 0% used [0x00000000d5980000,0x00000000d5980000,0x00000000d5a80000)
 ParOldGen       total 924672K, used 924203K [0x0000000080000000, 0x00000000b8700000, 0x00000000d5580000)
  object space 924672K, 99% used [0x0000000080000000,0x00000000b868ac38,0x00000000b8700000)
 Metaspace       used 85875K, committed 87744K, reserved 1179648K
  class space    used 8712K, committed 9536K, reserved 1048576K
}
Event: 219.752 GC heap after
{Heap after GC invocations=2129 (full 5):
 PSYoungGen      total 5120K, used 995K [0x00000000d5580000, 0x00000000d6580000, 0x0000000100000000)
  eden space 4096K, 0% used [0x00000000d5580000,0x00000000d5580000,0x00000000d5980000)
  from space 1024K, 97% used [0x00000000d5980000,0x00000000d5a78d18,0x00000000d5a80000)
  to   space 5632K, 0% used [0x00000000d6000000,0x00000000d6000000,0x00000000d6580000)
 ParOldGen       total 928256K, used 927754K [0x0000000080000000, 0x00000000b8a80000, 0x00000000d5580000)
  object space 928256K, 99% used [0x0000000080000000,0x00000000b8a02b50,0x00000000b8a80000)
 Metaspace       used 85875K, committed 87744K, reserved 1179648K
  class space    used 8712K, committed 9536K, reserved 1048576K
}
Event: 219.761 GC heap before
{Heap before GC invocations=2130 (full 5):
 PSYoungGen      total 5120K, used 5091K [0x00000000d5580000, 0x00000000d6580000, 0x0000000100000000)
  eden space 4096K, 100% used [0x00000000d5580000,0x00000000d5980000,0x00000000d5980000)
  from space 1024K, 97% used [0x00000000d5980000,0x00000000d5a78d18,0x00000000d5a80000)
  to   space 5632K, 0% used [0x00000000d6000000,0x00000000d6000000,0x00000000d6580000)
 ParOldGen       total 928256K, used 927754K [0x0000000080000000, 0x00000000b8a80000, 0x00000000d5580000)
  object space 928256K, 99% used [0x0000000080000000,0x00000000b8a02b50,0x00000000b8a80000)
 Metaspace       used 85886K, committed 87744K, reserved 1179648K
  class space    used 8712K, committed 9536K, reserved 1048576K
}
Event: 219.765 GC heap after
{Heap after GC invocations=2130 (full 5):
 PSYoungGen      total 6144K, used 948K [0x00000000d5580000, 0x00000000d6100000, 0x0000000100000000)
  eden space 5120K, 0% used [0x00000000d5580000,0x00000000d5580000,0x00000000d5a80000)
  from space 1024K, 92% used [0x00000000d6000000,0x00000000d60ed200,0x00000000d6100000)
  to   space 2560K, 0% used [0x00000000d5c00000,0x00000000d5c00000,0x00000000d5e80000)
 ParOldGen       total 929280K, used 928774K [0x0000000080000000, 0x00000000b8b80000, 0x00000000d5580000)
  object space 929280K, 99% used [0x0000000080000000,0x00000000b8b01868,0x00000000b8b80000)
 Metaspace       used 85886K, committed 87744K, reserved 1179648K
  class space    used 8712K, committed 9536K, reserved 1048576K
}
Event: 220.608 GC heap before
{Heap before GC invocations=2131 (full 5):
 PSYoungGen      total 6144K, used 6068K [0x00000000d5580000, 0x00000000d6100000, 0x0000000100000000)
  eden space 5120K, 100% used [0x00000000d5580000,0x00000000d5a80000,0x00000000d5a80000)
  from space 1024K, 92% used [0x00000000d6000000,0x00000000d60ed200,0x00000000d6100000)
  to   space 2560K, 0% used [0x00000000d5c00000,0x00000000d5c00000,0x00000000d5e80000)
 ParOldGen       total 929280K, used 928774K [0x0000000080000000, 0x00000000b8b80000, 0x00000000d5580000)
  object space 929280K, 99% used [0x0000000080000000,0x00000000b8b01868,0x00000000b8b80000)
 Metaspace       used 85890K, committed 87744K, reserved 1179648K
  class space    used 8712K, committed 9536K, reserved 1048576K
}
Event: 220.613 GC heap after
{Heap after GC invocations=2131 (full 5):
 PSYoungGen      total 7680K, used 160K [0x00000000d5580000, 0x00000000d6080000, 0x0000000100000000)
  eden space 5120K, 0% used [0x00000000d5580000,0x00000000d5580000,0x00000000d5a80000)
  from space 2560K, 6% used [0x00000000d5c00000,0x00000000d5c28000,0x00000000d5e80000)
  to   space 1024K, 0% used [0x00000000d5f80000,0x00000000d5f80000,0x00000000d6080000)
 ParOldGen       total 929280K, used 929066K [0x0000000080000000, 0x00000000b8b80000, 0x00000000d5580000)
  object space 929280K, 99% used [0x0000000080000000,0x00000000b8b4aa68,0x00000000b8b80000)
 Metaspace       used 85890K, committed 87744K, reserved 1179648K
  class space    used 8712K, committed 9536K, reserved 1048576K
}
Event: 223.042 GC heap before
{Heap before GC invocations=2132 (full 5):
 PSYoungGen      total 7680K, used 5280K [0x00000000d5580000, 0x00000000d6080000, 0x0000000100000000)
  eden space 5120K, 100% used [0x00000000d5580000,0x00000000d5a80000,0x00000000d5a80000)
  from space 2560K, 6% used [0x00000000d5c00000,0x00000000d5c28000,0x00000000d5e80000)
  to   space 1024K, 0% used [0x00000000d5f80000,0x00000000d5f80000,0x00000000d6080000)
 ParOldGen       total 929280K, used 929066K [0x0000000080000000, 0x00000000b8b80000, 0x00000000d5580000)
  object space 929280K, 99% used [0x0000000080000000,0x00000000b8b4aa68,0x00000000b8b80000)
 Metaspace       used 85894K, committed 87744K, reserved 1179648K
  class space    used 8713K, committed 9536K, reserved 1048576K
}
Event: 223.045 GC heap after
{Heap after GC invocations=2132 (full 5):
 PSYoungGen      total 6144K, used 992K [0x00000000d5580000, 0x00000000d6080000, 0x0000000100000000)
  eden space 5120K, 0% used [0x00000000d5580000,0x00000000d5580000,0x00000000d5a80000)
  from space 1024K, 96% used [0x00000000d5f80000,0x00000000d6078330,0x00000000d6080000)
  to   space 1536K, 0% used [0x00000000d5d80000,0x00000000d5d80000,0x00000000d5f00000)
 ParOldGen       total 929792K, used 929314K [0x0000000080000000, 0x00000000b8c00000, 0x00000000d5580000)
  object space 929792K, 99% used [0x0000000080000000,0x00000000b8b88a68,0x00000000b8c00000)
 Metaspace       used 85894K, committed 87744K, reserved 1179648K
  class space    used 8713K, committed 9536K, reserved 1048576K
}
Event: 223.057 GC heap before
{Heap before GC invocations=2133 (full 5):
 PSYoungGen      total 6144K, used 6112K [0x00000000d5580000, 0x00000000d6080000, 0x0000000100000000)
  eden space 5120K, 100% used [0x00000000d5580000,0x00000000d5a80000,0x00000000d5a80000)
  from space 1024K, 96% used [0x00000000d5f80000,0x00000000d6078330,0x00000000d6080000)
  to   space 1536K, 0% used [0x00000000d5d80000,0x00000000d5d80000,0x00000000d5f00000)
 ParOldGen       total 929792K, used 929314K [0x0000000080000000, 0x00000000b8c00000, 0x00000000d5580000)
  object space 929792K, 99% used [0x0000000080000000,0x00000000b8b88a68,0x00000000b8c00000)
 Metaspace       used 85894K, committed 87744K, reserved 1179648K
  class space    used 8713K, committed 9536K, reserved 1048576K
}
Event: 223.061 GC heap after
{Heap after GC invocations=2133 (full 5):
 PSYoungGen      total 6656K, used 1530K [0x00000000d5580000, 0x00000000d6580000, 0x0000000100000000)
  eden space 5120K, 0% used [0x00000000d5580000,0x00000000d5580000,0x00000000d5a80000)
  from space 1536K, 99% used [0x00000000d5d80000,0x00000000d5efe900,0x00000000d5f00000)
  to   space 5632K, 0% used [0x00000000d6000000,0x00000000d6000000,0x00000000d6580000)
 ParOldGen       total 932864K, used 932489K [0x0000000080000000, 0x00000000b8f00000, 0x00000000d5580000)
  object space 932864K, 99% used [0x0000000080000000,0x00000000b8ea2498,0x00000000b8f00000)
 Metaspace       used 85894K, committed 87744K, reserved 1179648K
  class space    used 8713K, committed 9536K, reserved 1048576K
}
Event: 223.073 GC heap before
{Heap before GC invocations=2134 (full 5):
 PSYoungGen      total 6656K, used 6650K [0x00000000d5580000, 0x00000000d6580000, 0x0000000100000000)
  eden space 5120K, 100% used [0x00000000d5580000,0x00000000d5a80000,0x00000000d5a80000)
  from space 1536K, 99% used [0x00000000d5d80000,0x00000000d5efe900,0x00000000d5f00000)
  to   space 5632K, 0% used [0x00000000d6000000,0x00000000d6000000,0x00000000d6580000)
 ParOldGen       total 932864K, used 932489K [0x0000000080000000, 0x00000000b8f00000, 0x00000000d5580000)
  object space 932864K, 99% used [0x0000000080000000,0x00000000b8ea2498,0x00000000b8f00000)
 Metaspace       used 85896K, committed 87744K, reserved 1179648K
  class space    used 8713K, committed 9536K, reserved 1048576K
}
Event: 223.076 GC heap after
{Heap after GC invocations=2134 (full 5):
 PSYoungGen      total 6144K, used 736K [0x00000000d5580000, 0x00000000d6100000, 0x0000000100000000)
  eden space 5120K, 0% used [0x00000000d5580000,0x00000000d5580000,0x00000000d5a80000)
  from space 1024K, 71% used [0x00000000d6000000,0x00000000d60b8000,0x00000000d6100000)
  to   space 2560K, 0% used [0x00000000d5c00000,0x00000000d5c00000,0x00000000d5e80000)
 ParOldGen       total 934400K, used 934057K [0x0000000080000000, 0x00000000b9080000, 0x00000000d5580000)
  object space 934400K, 99% used [0x0000000080000000,0x00000000b902a6a8,0x00000000b9080000)
 Metaspace       used 85896K, committed 87744K, reserved 1179648K
  class space    used 8713K, committed 9536K, reserved 1048576K
}
Event: 223.414 GC heap before
{Heap before GC invocations=2135 (full 5):
 PSYoungGen      total 6144K, used 5856K [0x00000000d5580000, 0x00000000d6100000, 0x0000000100000000)
  eden space 5120K, 100% used [0x00000000d5580000,0x00000000d5a80000,0x00000000d5a80000)
  from space 1024K, 71% used [0x00000000d6000000,0x00000000d60b8000,0x00000000d6100000)
  to   space 2560K, 0% used [0x00000000d5c00000,0x00000000d5c00000,0x00000000d5e80000)
 ParOldGen       total 934400K, used 934057K [0x0000000080000000, 0x00000000b9080000, 0x00000000d5580000)
  object space 934400K, 99% used [0x0000000080000000,0x00000000b902a6a8,0x00000000b9080000)
 Metaspace       used 85901K, committed 87744K, reserved 1179648K
  class space    used 8714K, committed 9536K, reserved 1048576K
}
Event: 223.417 GC heap after
{Heap after GC invocations=2135 (full 5):
 PSYoungGen      total 7680K, used 916K [0x00000000d5580000, 0x00000000d6080000, 0x0000000100000000)
  eden space 5120K, 0% used [0x00000000d5580000,0x00000000d5580000,0x00000000d5a80000)
  from space 2560K, 35% used [0x00000000d5c00000,0x00000000d5ce5200,0x00000000d5e80000)
  to   space 1536K, 0% used [0x00000000d5f00000,0x00000000d5f00000,0x00000000d6080000)
 ParOldGen       total 934912K, used 934637K [0x0000000080000000, 0x00000000b9100000, 0x00000000d5580000)
  object space 934912K, 99% used [0x0000000080000000,0x00000000b90bb6d8,0x00000000b9100000)
 Metaspace       used 85901K, committed 87744K, reserved 1179648K
  class space    used 8714K, committed 9536K, reserved 1048576K
}
Event: 223.539 GC heap before
{Heap before GC invocations=2136 (full 5):
 PSYoungGen      total 7680K, used 6036K [0x00000000d5580000, 0x00000000d6080000, 0x0000000100000000)
  eden space 5120K, 100% used [0x00000000d5580000,0x00000000d5a80000,0x00000000d5a80000)
  from space 2560K, 35% used [0x00000000d5c00000,0x00000000d5ce5200,0x00000000d5e80000)
  to   space 1536K, 0% used [0x00000000d5f00000,0x00000000d5f00000,0x00000000d6080000)
 ParOldGen       total 934912K, used 934637K [0x0000000080000000, 0x00000000b9100000, 0x00000000d5580000)
  object space 934912K, 99% used [0x0000000080000000,0x00000000b90bb6d8,0x00000000b9100000)
 Metaspace       used 85903K, committed 87744K, reserved 1179648K
  class space    used 8714K, committed 9536K, reserved 1048576K
}
Event: 223.545 GC heap after
{Heap after GC invocations=2136 (full 5):
 PSYoungGen      total 6144K, used 538K [0x00000000d5580000, 0x00000000d6000000, 0x0000000100000000)
  eden space 5120K, 0% used [0x00000000d5580000,0x00000000d5580000,0x00000000d5a80000)
  from space 1024K, 52% used [0x00000000d5f00000,0x00000000d5f86900,0x00000000d6000000)
  to   space 1024K, 0% used [0x00000000d5e00000,0x00000000d5e00000,0x00000000d5f00000)
 ParOldGen       total 934912K, used 934905K [0x0000000080000000, 0x00000000b9100000, 0x00000000d5580000)
  object space 934912K, 99% used [0x0000000080000000,0x00000000b90fe6e8,0x00000000b9100000)
 Metaspace       used 85903K, committed 87744K, reserved 1179648K
  class space    used 8714K, committed 9536K, reserved 1048576K
}
Event: 223.561 GC heap before
{Heap before GC invocations=2137 (full 5):
 PSYoungGen      total 6144K, used 5658K [0x00000000d5580000, 0x00000000d6000000, 0x0000000100000000)
  eden space 5120K, 100% used [0x00000000d5580000,0x00000000d5a80000,0x00000000d5a80000)
  from space 1024K, 52% used [0x00000000d5f00000,0x00000000d5f86900,0x00000000d6000000)
  to   space 1024K, 0% used [0x00000000d5e00000,0x00000000d5e00000,0x00000000d5f00000)
 ParOldGen       total 934912K, used 934905K [0x0000000080000000, 0x00000000b9100000, 0x00000000d5580000)
  object space 934912K, 99% used [0x0000000080000000,0x00000000b90fe6e8,0x00000000b9100000)
 Metaspace       used 85903K, committed 87744K, reserved 1179648K
  class space    used 8714K, committed 9536K, reserved 1048576K
}
Event: 223.563 GC heap after
{Heap after GC invocations=2137 (full 5):
 PSYoungGen      total 6144K, used 346K [0x00000000d5580000, 0x00000000d5f80000, 0x0000000100000000)
  eden space 5120K, 0% used [0x00000000d5580000,0x00000000d5580000,0x00000000d5a80000)
  from space 1024K, 33% used [0x00000000d5e00000,0x00000000d5e56900,0x00000000d5f00000)
  to   space 512K, 0% used [0x00000000d5f00000,0x00000000d5f00000,0x00000000d5f80000)
 ParOldGen       total 935424K, used 934969K [0x0000000080000000, 0x00000000b9180000, 0x00000000d5580000)
  object space 935424K, 99% used [0x0000000080000000,0x00000000b910e6e8,0x00000000b9180000)
 Metaspace       used 85903K, committed 87744K, reserved 1179648K
  class space    used 8714K, committed 9536K, reserved 1048576K
}
Event: 223.595 GC heap before
{Heap before GC invocations=2138 (full 5):
 PSYoungGen      total 6144K, used 5388K [0x00000000d5580000, 0x00000000d5f80000, 0x0000000100000000)
  eden space 5120K, 98% used [0x00000000d5580000,0x00000000d5a6cab0,0x00000000d5a80000)
  from space 1024K, 33% used [0x00000000d5e00000,0x00000000d5e56900,0x00000000d5f00000)
  to   space 512K, 0% used [0x00000000d5f00000,0x00000000d5f00000,0x00000000d5f80000)
 ParOldGen       total 935424K, used 934969K [0x0000000080000000, 0x00000000b9180000, 0x00000000d5580000)
  object space 935424K, 99% used [0x0000000080000000,0x00000000b910e6e8,0x00000000b9180000)
 Metaspace       used 85903K, committed 87744K, reserved 1179648K
  class space    used 8714K, committed 9536K, reserved 1048576K
}
Event: 223.598 GC heap after
{Heap after GC invocations=2138 (full 5):
 PSYoungGen      total 5120K, used 502K [0x00000000d5580000, 0x00000000d6480000, 0x0000000100000000)
  eden space 4608K, 0% used [0x00000000d5580000,0x00000000d5580000,0x00000000d5a00000)
  from space 512K, 98% used [0x00000000d5f00000,0x00000000d5f7da30,0x00000000d5f80000)
  to   space 5120K, 0% used [0x00000000d5a00000,0x00000000d5a00000,0x00000000d5f00000)
 ParOldGen       total 939008K, used 938746K [0x0000000080000000, 0x00000000b9500000, 0x00000000d5580000)
  object space 939008K, 99% used [0x0000000080000000,0x00000000b94beb80,0x00000000b9500000)
 Metaspace       used 85903K, committed 87744K, reserved 1179648K
  class space    used 8714K, committed 9536K, reserved 1048576K
}

Dll operation events (10 events):
Event: 0.019 Loaded shared library c:\Users\PC\.vscode\extensions\redhat.java-1.51.0-win32-x64\jre\21.0.9-win32-x86_64\bin\java.dll
Event: 0.117 Loaded shared library c:\Users\PC\.vscode\extensions\redhat.java-1.51.0-win32-x64\jre\21.0.9-win32-x86_64\bin\zip.dll
Event: 0.150 Loaded shared library C:\Users\PC\.vscode\extensions\redhat.java-1.51.0-win32-x64\jre\21.0.9-win32-x86_64\bin\instrument.dll
Event: 0.160 Loaded shared library C:\Users\PC\.vscode\extensions\redhat.java-1.51.0-win32-x64\jre\21.0.9-win32-x86_64\bin\net.dll
Event: 0.163 Loaded shared library C:\Users\PC\.vscode\extensions\redhat.java-1.51.0-win32-x64\jre\21.0.9-win32-x86_64\bin\nio.dll
Event: 0.168 Loaded shared library C:\Users\PC\.vscode\extensions\redhat.java-1.51.0-win32-x64\jre\21.0.9-win32-x86_64\bin\zip.dll
Event: 0.192 Loaded shared library C:\Users\PC\.vscode\extensions\redhat.java-1.51.0-win32-x64\jre\21.0.9-win32-x86_64\bin\jimage.dll
Event: 0.310 Loaded shared library c:\Users\PC\.vscode\extensions\redhat.java-1.51.0-win32-x64\jre\21.0.9-win32-x86_64\bin\verify.dll
Event: 1.953 Loaded shared library C:\Users\PC\AppData\Roaming\Code\User\globalStorage\redhat.java\1.51.0\config_win\org.eclipse.equinox.launcher\org.eclipse.equinox.launcher.win32.win32.x86_64_1.2.1400.v20250801-0854\eclipse_11916.dll
Event: 4.134 Loaded shared library C:\Users\PC\AppData\Local\Temp\jna-2547\jna13270528844346178256.dll

Deoptimization events (20 events):
Event: 219.274 Thread 0x000001af1e1c4e60 Uncommon trap: trap_request=0xffffffde fr.pc=0x000001aeca25f470 relative=0x0000000000000130
Event: 219.274 Thread 0x000001af1e1c4e60 Uncommon trap: reason=class_check action=maybe_recompile pc=0x000001aeca25f470 method=org.eclipse.jdt.internal.compiler.lookup.TypeBinding.needsUncheckedConversion(Lorg/eclipse/jdt/internal/compiler/lookup/TypeBinding;)Z @ 25 c2
Event: 219.274 Thread 0x000001af1e1c4e60 DEOPT PACKING pc=0x000001aeca25f470 sp=0x0000003a45afda60
Event: 219.274 Thread 0x000001af1e1c4e60 DEOPT UNPACKING pc=0x000001aec8ad3aa2 sp=0x0000003a45afd9e8 mode 2
Event: 223.036 Thread 0x000001af1e1c4e60 Uncommon trap: trap_request=0xffffff54 fr.pc=0x000001aec977d6cc relative=0x0000000000000fcc
Event: 223.036 Thread 0x000001af1e1c4e60 Uncommon trap: reason=speculate_null_assert action=make_not_entrant pc=0x000001aec977d6cc method=org.eclipse.jdt.internal.core.NameLookup.<init>(Lorg/eclipse/jdt/internal/core/JavaProject;[Lorg/eclipse/jdt/core/IPackageFragmentRoot;Lorg/eclipse/jdt/intern
Event: 223.036 Thread 0x000001af1e1c4e60 DEOPT PACKING pc=0x000001aec977d6cc sp=0x0000003a45afe380
Event: 223.036 Thread 0x000001af1e1c4e60 DEOPT UNPACKING pc=0x000001aec8ad3aa2 sp=0x0000003a45afe318 mode 2
Event: 223.445 Thread 0x000001af1e1c47d0 Uncommon trap: trap_request=0xffffff45 fr.pc=0x000001aec99a0170 relative=0x0000000000000230
Event: 223.445 Thread 0x000001af1e1c47d0 Uncommon trap: reason=unstable_if action=reinterpret pc=0x000001aec99a0170 method=org.eclipse.jdt.internal.compiler.util.HashtableOfObjectToInt.get(Ljava/lang/Object;)I @ 54 c2
Event: 223.445 Thread 0x000001af1e1c47d0 DEOPT PACKING pc=0x000001aec99a0170 sp=0x0000003a458fde40
Event: 223.445 Thread 0x000001af1e1c47d0 DEOPT UNPACKING pc=0x000001aec8ad3aa2 sp=0x0000003a458fddc8 mode 2
Event: 223.446 Thread 0x000001af1e1c47d0 Uncommon trap: trap_request=0xffffff45 fr.pc=0x000001aeca16c188 relative=0x0000000000000148
Event: 223.446 Thread 0x000001af1e1c47d0 Uncommon trap: reason=unstable_if action=reinterpret pc=0x000001aeca16c188 method=org.eclipse.jdt.internal.core.CompilationUnit.equals(Ljava/lang/Object;)Z @ 36 c2
Event: 223.446 Thread 0x000001af1e1c47d0 DEOPT PACKING pc=0x000001aeca16c188 sp=0x0000003a458fe880
Event: 223.446 Thread 0x000001af1e1c47d0 DEOPT UNPACKING pc=0x000001aec8ad3aa2 sp=0x0000003a458fe818 mode 2
Event: 223.552 Thread 0x000001af1e1c4e60 Uncommon trap: trap_request=0xffffffde fr.pc=0x000001aeca4dd1bc relative=0x0000000000005efc
Event: 223.552 Thread 0x000001af1e1c4e60 Uncommon trap: reason=class_check action=maybe_recompile pc=0x000001aeca4dd1bc method=org.eclipse.jdt.internal.core.SourceRefElement.generateInfos(Lorg/eclipse/jdt/internal/compiler/env/IElementInfo;Ljava/util/Map;Lorg/eclipse/core/runtime/IProgressMonito
Event: 223.552 Thread 0x000001af1e1c4e60 DEOPT PACKING pc=0x000001aeca4dd1bc sp=0x0000003a45afe330
Event: 223.552 Thread 0x000001af1e1c4e60 DEOPT UNPACKING pc=0x000001aec8ad3aa2 sp=0x0000003a45afe378 mode 2

Classes loaded (20 events):
Event: 33.337 Loading class java/util/stream/ReduceOps$5
Event: 33.338 Loading class java/util/stream/ReduceOps$5 done
Event: 33.341 Loading class java/util/stream/ReduceOps$CountingSink$OfRef
Event: 33.341 Loading class java/util/stream/ReduceOps$CountingSink
Event: 33.341 Loading class java/util/stream/ReduceOps$CountingSink done
Event: 33.341 Loading class java/util/stream/ReduceOps$CountingSink$OfRef done
Event: 42.281 Loading class java/util/regex/Pattern$Behind
Event: 42.281 Loading class java/util/regex/Pattern$Behind done
Event: 42.281 Loading class java/util/regex/Pattern$Neg
Event: 42.281 Loading class java/util/regex/Pattern$Neg done
Event: 94.744 Loading class java/nio/channels/CompletionHandler
Event: 94.744 Loading class java/nio/channels/CompletionHandler done
Event: 95.360 Loading class java/lang/StringLatin1$CharsSpliterator
Event: 95.360 Loading class java/lang/StringLatin1$CharsSpliterator done
Event: 146.096 Loading class java/util/concurrent/ConcurrentHashMap$TreeNode
Event: 146.096 Loading class java/util/concurrent/ConcurrentHashMap$TreeNode done
Event: 146.096 Loading class java/util/concurrent/ConcurrentHashMap$TreeBin
Event: 146.097 Loading class java/util/concurrent/ConcurrentHashMap$TreeBin done
Event: 195.630 Loading class java/util/Collections$EmptyListIterator
Event: 195.630 Loading class java/util/Collections$EmptyListIterator done

Classes unloaded (15 events):
Event: 5.056 Thread 0x000001aebe29fb10 Unloading class 0x000001aed61aec00 'java/lang/invoke/LambdaForm$MH+0x000001aed61aec00'
Event: 5.056 Thread 0x000001aebe29fb10 Unloading class 0x000001aed61ae800 'java/lang/invoke/LambdaForm$MH+0x000001aed61ae800'
Event: 5.056 Thread 0x000001aebe29fb10 Unloading class 0x000001aed61ae400 'java/lang/invoke/LambdaForm$MH+0x000001aed61ae400'
Event: 5.056 Thread 0x000001aebe29fb10 Unloading class 0x000001aed61ae000 'java/lang/invoke/LambdaForm$MH+0x000001aed61ae000'
Event: 5.056 Thread 0x000001aebe29fb10 Unloading class 0x000001aed61adc00 'java/lang/invoke/LambdaForm$BMH+0x000001aed61adc00'
Event: 5.056 Thread 0x000001aebe29fb10 Unloading class 0x000001aed61ad800 'java/lang/invoke/LambdaForm$DMH+0x000001aed61ad800'
Event: 5.056 Thread 0x000001aebe29fb10 Unloading class 0x000001aed61ac400 'java/lang/invoke/LambdaForm$DMH+0x000001aed61ac400'
Event: 45.937 Thread 0x000001aebe29fb10 Unloading class 0x000001aed6721000 'java/lang/invoke/LambdaForm$MH+0x000001aed6721000'
Event: 45.937 Thread 0x000001aebe29fb10 Unloading class 0x000001aed6720800 'java/lang/invoke/LambdaForm$MH+0x000001aed6720800'
Event: 45.937 Thread 0x000001aebe29fb10 Unloading class 0x000001aed6708800 'java/lang/invoke/LambdaForm$DMH+0x000001aed6708800'
Event: 45.937 Thread 0x000001aebe29fb10 Unloading class 0x000001aed6708400 'java/lang/invoke/LambdaForm$DMH+0x000001aed6708400'
Event: 45.937 Thread 0x000001aebe29fb10 Unloading class 0x000001aed6708000 'java/lang/invoke/LambdaForm$DMH+0x000001aed6708000'
Event: 45.937 Thread 0x000001aebe29fb10 Unloading class 0x000001aed6701c00 'java/lang/invoke/LambdaForm$DMH+0x000001aed6701c00'
Event: 45.937 Thread 0x000001aebe29fb10 Unloading class 0x000001aed66f4800 'java/lang/invoke/LambdaForm$DMH+0x000001aed66f4800'
Event: 45.937 Thread 0x000001aebe29fb10 Unloading class 0x000001aed66f4400 'java/lang/invoke/LambdaForm$DMH+0x000001aed66f4400'

Classes redefined (0 events):
No events

Internal exceptions (20 events):
Event: 192.227 Thread 0x000001af1e1c2d90 Implicit null exception at 0x000001aec9ab1978 to 0x000001aec9ab23a0
Event: 192.407 Thread 0x000001af1e1c2d90 Implicit null exception at 0x000001aeca3836d1 to 0x000001aeca383dc4
Event: 192.407 Thread 0x000001af1e1c2d90 Implicit null exception at 0x000001aeca4240e1 to 0x000001aeca425404
Event: 193.123 Thread 0x000001af1ca012f0 Exception <a 'sun/nio/fs/WindowsException'{0x00000000d5818f20}> (0x00000000d5818f20) 
thrown [s\src\hotspot\share\prims\jni.cpp, line 520]
Event: 193.223 Thread 0x000001af1ca012f0 Exception <a 'sun/nio/fs/WindowsException'{0x00000000d56fa300}> (0x00000000d56fa300) 
thrown [s\src\hotspot\share\prims\jni.cpp, line 520]
Event: 193.498 Thread 0x000001af1e1c4e60 Exception <a 'java/lang/ArrayIndexOutOfBoundsException'{0x00000000d5abb558}> (0x00000000d5abb558) 
thrown [s\src\hotspot\share\runtime\sharedRuntime.cpp, line 625]
Event: 193.575 Thread 0x000001af1e1c4e60 Exception <a 'java/lang/ArrayIndexOutOfBoundsException'{0x00000000d5614350}> (0x00000000d5614350) 
thrown [s\src\hotspot\share\runtime\sharedRuntime.cpp, line 625]
Event: 195.248 Thread 0x000001af1e1c47d0 Exception <a 'java/lang/ArrayIndexOutOfBoundsException'{0x00000000d5789370}> (0x00000000d5789370) 
thrown [s\src\hotspot\share\runtime\sharedRuntime.cpp, line 625]
Event: 195.262 Thread 0x000001af1e1c47d0 Exception <a 'java/lang/ArrayIndexOutOfBoundsException'{0x00000000d55c0b40}> (0x00000000d55c0b40) 
thrown [s\src\hotspot\share\runtime\sharedRuntime.cpp, line 625]
Event: 196.821 Thread 0x000001af1e1c47d0 Exception <a 'java/lang/ArrayIndexOutOfBoundsException'{0x00000000d5b6a280}> (0x00000000d5b6a280) 
thrown [s\src\hotspot\share\runtime\sharedRuntime.cpp, line 625]
Event: 198.773 Thread 0x000001af1e1c47d0 Exception <a 'java/lang/ArrayIndexOutOfBoundsException'{0x00000000d5a52df8}> (0x00000000d5a52df8) 
thrown [s\src\hotspot\share\runtime\sharedRuntime.cpp, line 625]
Event: 201.613 Thread 0x000001af1e1c47d0 Exception <a 'java/lang/ArrayIndexOutOfBoundsException'{0x00000000d57ffe40}> (0x00000000d57ffe40) 
thrown [s\src\hotspot\share\runtime\sharedRuntime.cpp, line 625]
Event: 201.625 Thread 0x000001af1e1c47d0 Exception <a 'java/lang/ArrayIndexOutOfBoundsException'{0x00000000d5824368}> (0x00000000d5824368) 
thrown [s\src\hotspot\share\runtime\sharedRuntime.cpp, line 625]
Event: 203.667 Thread 0x000001af1ca012f0 Exception <a 'sun/nio/fs/WindowsException'{0x00000000d567eaf0}> (0x00000000d567eaf0) 
thrown [s\src\hotspot\share\prims\jni.cpp, line 520]
Event: 203.757 Thread 0x000001af1ca012f0 Exception <a 'sun/nio/fs/WindowsException'{0x00000000d572b918}> (0x00000000d572b918) 
thrown [s\src\hotspot\share\prims\jni.cpp, line 520]
Event: 207.696 Thread 0x000001af1ca012f0 Exception <a 'sun/nio/fs/WindowsException'{0x00000000d57634b8}> (0x00000000d57634b8) 
thrown [s\src\hotspot\share\prims\jni.cpp, line 520]
Event: 207.842 Thread 0x000001af1ca012f0 Exception <a 'sun/nio/fs/WindowsException'{0x00000000d5591298}> (0x00000000d5591298) 
thrown [s\src\hotspot\share\prims\jni.cpp, line 520]
Event: 218.677 Thread 0x000001af1e1c4e60 Implicit null exception at 0x000001aec965e29b to 0x000001aec9660144
Event: 218.678 Thread 0x000001af1e1c4e60 Implicit null exception at 0x000001aec9673d98 to 0x000001aec96759e8
Event: 223.406 Thread 0x000001af1e1c47d0 Exception <a 'java/lang/IncompatibleClassChangeError'{0x00000000d574a350}: Found class java.lang.Object, but interface was expected> (0x00000000d574a350) 
thrown [s\src\hotspot\share\interpreter\linkResolver.cpp, line 840]

ZGC Phase Switch (0 events):
No events

VM Operations (20 events):
Event: 220.608 Executing VM operation: ParallelGCFailedAllocation (Allocation Failure)
Event: 220.613 Executing VM operation: ParallelGCFailedAllocation (Allocation Failure) done
Event: 221.620 Executing VM operation: Cleanup
Event: 221.620 Executing VM operation: Cleanup done
Event: 222.651 Executing VM operation: Cleanup
Event: 222.651 Executing VM operation: Cleanup done
Event: 223.042 Executing VM operation: ParallelGCFailedAllocation (Allocation Failure)
Event: 223.045 Executing VM operation: ParallelGCFailedAllocation (Allocation Failure) done
Event: 223.057 Executing VM operation: ParallelGCFailedAllocation (Allocation Failure)
Event: 223.061 Executing VM operation: ParallelGCFailedAllocation (Allocation Failure) done
Event: 223.073 Executing VM operation: ParallelGCFailedAllocation (Allocation Failure)
Event: 223.076 Executing VM operation: ParallelGCFailedAllocation (Allocation Failure) done
Event: 223.414 Executing VM operation: ParallelGCFailedAllocation (Allocation Failure)
Event: 223.417 Executing VM operation: ParallelGCFailedAllocation (Allocation Failure) done
Event: 223.539 Executing VM operation: ParallelGCFailedAllocation (Allocation Failure)
Event: 223.545 Executing VM operation: ParallelGCFailedAllocation (Allocation Failure) done
Event: 223.561 Executing VM operation: ParallelGCFailedAllocation (Allocation Failure)
Event: 223.563 Executing VM operation: ParallelGCFailedAllocation (Allocation Failure) done
Event: 223.595 Executing VM operation: ParallelGCFailedAllocation (Allocation Failure)
Event: 223.599 Executing VM operation: ParallelGCFailedAllocation (Allocation Failure) done

Memory protections (0 events):
No events

Nmethod flushes (20 events):
Event: 126.405 Thread 0x000001aebe29fb10 flushing  nmethod 0x000001aec38d1e90
Event: 126.405 Thread 0x000001aebe29fb10 flushing  nmethod 0x000001aec38daf10
Event: 126.405 Thread 0x000001aebe29fb10 flushing  nmethod 0x000001aec38f9e10
Event: 126.405 Thread 0x000001aebe29fb10 flushing  nmethod 0x000001aec38fae90
Event: 126.405 Thread 0x000001aebe29fb10 flushing  nmethod 0x000001aec38fcb90
Event: 126.405 Thread 0x000001aebe29fb10 flushing  nmethod 0x000001aec38fe390
Event: 126.405 Thread 0x000001aebe29fb10 flushing  nmethod 0x000001aec38fe810
Event: 126.405 Thread 0x000001aebe29fb10 flushing  nmethod 0x000001aec38ff310
Event: 126.405 Thread 0x000001aebe29fb10 flushing  nmethod 0x000001aec38ffa10
Event: 126.405 Thread 0x000001aebe29fb10 flushing  nmethod 0x000001aec3900890
Event: 126.405 Thread 0x000001aebe29fb10 flushing  nmethod 0x000001aec390c210
Event: 126.405 Thread 0x000001aebe29fb10 flushing  nmethod 0x000001aec390c610
Event: 126.405 Thread 0x000001aebe29fb10 flushing  nmethod 0x000001aec3918e90
Event: 126.405 Thread 0x000001aebe29fb10 flushing  nmethod 0x000001aec3931510
Event: 126.405 Thread 0x000001aebe29fb10 flushing  nmethod 0x000001aec3933390
Event: 126.405 Thread 0x000001aebe29fb10 flushing  nmethod 0x000001aec3934110
Event: 126.405 Thread 0x000001aebe29fb10 flushing  nmethod 0x000001aec3936390
Event: 126.405 Thread 0x000001aebe29fb10 flushing  nmethod 0x000001aec3936810
Event: 126.405 Thread 0x000001aebe29fb10 flushing osr nmethod 0x000001aec3949a10
Event: 126.405 Thread 0x000001aebe29fb10 flushing  nmethod 0x000001aec3a46d10

Events (20 events):
Event: 194.565 Thread 0x000001af1d3b6e20 Thread exited: 0x000001af1d3b6e20
Event: 194.650 Thread 0x000001af1d3b59b0 Thread exited: 0x000001af1d3b59b0
Event: 195.287 Thread 0x000001aebe2e6e60 Thread added: 0x000001af1d3b59b0
Event: 195.287 Thread 0x000001aebe2e6e60 Thread added: 0x000001af1d3b6e20
Event: 196.506 Thread 0x000001af1d3b6e20 Thread exited: 0x000001af1d3b6e20
Event: 196.506 Thread 0x000001af1d3b59b0 Thread exited: 0x000001af1d3b59b0
Event: 196.914 Thread 0x000001aebe2e6560 Thread added: 0x000001af1d3b59b0
Event: 196.914 Thread 0x000001aebe2e6560 Thread added: 0x000001af1d3b6e20
Event: 197.663 Thread 0x000001af1d3b6e20 Thread exited: 0x000001af1d3b6e20
Event: 198.073 Thread 0x000001af1d3b59b0 Thread exited: 0x000001af1d3b59b0
Event: 201.673 Thread 0x000001aebe2e6560 Thread added: 0x000001af1d3b59b0
Event: 201.939 Thread 0x000001af1d3b59b0 Thread exited: 0x000001af1d3b59b0
Event: 202.655 Thread 0x000001af1e1c47d0 Thread added: 0x000001af1f017010
Event: 202.656 Thread 0x000001af1f017010 Thread exited: 0x000001af1f017010
Event: 203.397 Thread 0x000001aebe2e6560 Thread added: 0x000001af1d3b59b0
Event: 203.662 Thread 0x000001af1d3b59b0 Thread exited: 0x000001af1d3b59b0
Event: 203.830 Thread 0x000001aebe2e6e60 Thread added: 0x000001af1d3b59b0
Event: 204.705 Thread 0x000001af1d3b59b0 Thread exited: 0x000001af1d3b59b0
Event: 218.698 Thread 0x000001aebe2e6e60 Thread added: 0x000001af1d3b59b0
Event: 219.236 Thread 0x000001af1d3b59b0 Thread exited: 0x000001af1d3b59b0


Dynamic libraries:
0x00007ff7e4860000 - 0x00007ff7e486e000 	c:\Users\PC\.vscode\extensions\redhat.java-1.51.0-win32-x64\jre\21.0.9-win32-x86_64\bin\java.exe
0x00007ff9b3a40000 - 0x00007ff9b3ca7000 	C:\WINDOWS\SYSTEM32\ntdll.dll
0x00007ff9b2f20000 - 0x00007ff9b2fe9000 	C:\WINDOWS\System32\KERNEL32.DLL
0x00007ff9b13e0000 - 0x00007ff9b17cf000 	C:\WINDOWS\System32\KERNELBASE.dll
0x00007ff9b0d00000 - 0x00007ff9b0e4b000 	C:\WINDOWS\System32\ucrtbase.dll
0x00007ff98fdc0000 - 0x00007ff98fdde000 	c:\Users\PC\.vscode\extensions\redhat.java-1.51.0-win32-x64\jre\21.0.9-win32-x86_64\bin\VCRUNTIME140.dll
0x00007ff99c620000 - 0x00007ff99c638000 	c:\Users\PC\.vscode\extensions\redhat.java-1.51.0-win32-x64\jre\21.0.9-win32-x86_64\bin\jli.dll
0x00007ff9b2390000 - 0x00007ff9b2555000 	C:\WINDOWS\System32\USER32.dll
0x00007ff99ad40000 - 0x00007ff99afd3000 	C:\WINDOWS\WinSxS\amd64_microsoft.windows.common-controls_6595b64144ccf1df_6.0.26100.7309_none_3e05feeae336a044\COMCTL32.dll
0x00007ff9b1320000 - 0x00007ff9b1347000 	C:\WINDOWS\System32\win32u.dll
0x00007ff9b18e0000 - 0x00007ff9b1989000 	C:\WINDOWS\System32\msvcrt.dll
0x00007ff9b18b0000 - 0x00007ff9b18db000 	C:\WINDOWS\System32\GDI32.dll
0x00007ff9b11f0000 - 0x00007ff9b131c000 	C:\WINDOWS\System32\gdi32full.dll
0x00007ff9b0c50000 - 0x00007ff9b0cf3000 	C:\WINDOWS\System32\msvcp_win.dll
0x00007ff9b35f0000 - 0x00007ff9b3621000 	C:\WINDOWS\System32\IMM32.DLL
0x00007ff9a8980000 - 0x00007ff9a898c000 	c:\Users\PC\.vscode\extensions\redhat.java-1.51.0-win32-x64\jre\21.0.9-win32-x86_64\bin\vcruntime140_1.dll
0x00007ff953990000 - 0x00007ff953a1d000 	c:\Users\PC\.vscode\extensions\redhat.java-1.51.0-win32-x64\jre\21.0.9-win32-x86_64\bin\msvcp140.dll
0x00007ff929c20000 - 0x00007ff92a9c0000 	c:\Users\PC\.vscode\extensions\redhat.java-1.51.0-win32-x64\jre\21.0.9-win32-x86_64\bin\server\jvm.dll
0x00007ff9b22d0000 - 0x00007ff9b2384000 	C:\WINDOWS\System32\ADVAPI32.dll
0x00007ff9b2560000 - 0x00007ff9b2606000 	C:\WINDOWS\System32\sechost.dll
0x00007ff9b1990000 - 0x00007ff9b1aa8000 	C:\WINDOWS\System32\RPCRT4.dll
0x00007ff9b3980000 - 0x00007ff9b39f4000 	C:\WINDOWS\System32\WS2_32.dll
0x00007ff9b0a10000 - 0x00007ff9b0a6e000 	C:\WINDOWS\SYSTEM32\POWRPROF.dll
0x00007ff99feb0000 - 0x00007ff99febb000 	C:\WINDOWS\SYSTEM32\VERSION.dll
0x00007ff99b030000 - 0x00007ff99b065000 	C:\WINDOWS\SYSTEM32\WINMM.dll
0x00007ff9b09f0000 - 0x00007ff9b0a04000 	C:\WINDOWS\SYSTEM32\UMPDC.dll
0x00007ff9af900000 - 0x00007ff9af91b000 	C:\WINDOWS\SYSTEM32\kernel.appcore.dll
0x00007ff9a8660000 - 0x00007ff9a866a000 	c:\Users\PC\.vscode\extensions\redhat.java-1.51.0-win32-x64\jre\21.0.9-win32-x86_64\bin\jimage.dll
0x00007ff9ae1d0000 - 0x00007ff9ae412000 	C:\WINDOWS\SYSTEM32\DBGHELP.DLL
0x00007ff9b2ff0000 - 0x00007ff9b3375000 	C:\WINDOWS\System32\combase.dll
0x00007ff9b2dc0000 - 0x00007ff9b2e96000 	C:\WINDOWS\System32\OLEAUT32.dll
0x00007ff99c5a0000 - 0x00007ff99c5dc000 	C:\WINDOWS\SYSTEM32\dbgcore.DLL
0x00007ff9b1140000 - 0x00007ff9b11e5000 	C:\WINDOWS\System32\bcryptPrimitives.dll
0x00007ff99d170000 - 0x00007ff99d17f000 	c:\Users\PC\.vscode\extensions\redhat.java-1.51.0-win32-x64\jre\21.0.9-win32-x86_64\bin\instrument.dll
0x00007ff98f280000 - 0x00007ff98f2a0000 	c:\Users\PC\.vscode\extensions\redhat.java-1.51.0-win32-x64\jre\21.0.9-win32-x86_64\bin\java.dll
0x00007ff9b2610000 - 0x00007ff9b2d63000 	C:\WINDOWS\System32\SHELL32.dll
0x00007ff9b0fd0000 - 0x00007ff9b113a000 	C:\WINDOWS\System32\wintypes.dll
0x00007ff9ae770000 - 0x00007ff9aefce000 	C:\WINDOWS\SYSTEM32\windows.storage.dll
0x00007ff9b3460000 - 0x00007ff9b3555000 	C:\WINDOWS\System32\SHCORE.dll
0x00007ff9b3560000 - 0x00007ff9b35c6000 	C:\WINDOWS\System32\shlwapi.dll
0x00007ff9b0ab0000 - 0x00007ff9b0ad9000 	C:\WINDOWS\SYSTEM32\profapi.dll
0x00007ff98f210000 - 0x00007ff98f228000 	c:\Users\PC\.vscode\extensions\redhat.java-1.51.0-win32-x64\jre\21.0.9-win32-x86_64\bin\zip.dll
0x00007ff99d120000 - 0x00007ff99d130000 	C:\Users\PC\.vscode\extensions\redhat.java-1.51.0-win32-x64\jre\21.0.9-win32-x86_64\bin\net.dll
0x00007ff9a6140000 - 0x00007ff9a6268000 	C:\WINDOWS\SYSTEM32\WINHTTP.dll
0x00007ff9afe50000 - 0x00007ff9afebb000 	C:\WINDOWS\system32\mswsock.dll
0x00007ff985ae0000 - 0x00007ff985af6000 	C:\Users\PC\.vscode\extensions\redhat.java-1.51.0-win32-x64\jre\21.0.9-win32-x86_64\bin\nio.dll
0x00007ff99d060000 - 0x00007ff99d070000 	c:\Users\PC\.vscode\extensions\redhat.java-1.51.0-win32-x64\jre\21.0.9-win32-x86_64\bin\verify.dll
0x00007ff97e380000 - 0x00007ff97e3c4000 	C:\Users\PC\AppData\Roaming\Code\User\globalStorage\redhat.java\1.51.0\config_win\org.eclipse.equinox.launcher\org.eclipse.equinox.launcher.win32.win32.x86_64_1.2.1400.v20250801-0854\eclipse_11916.dll
0x00007ff9b1b40000 - 0x00007ff9b1cd7000 	C:\WINDOWS\System32\ole32.dll
0x00007ff9b0240000 - 0x00007ff9b025b000 	C:\WINDOWS\SYSTEM32\CRYPTSP.dll
0x00007ff9af860000 - 0x00007ff9af89a000 	C:\WINDOWS\system32\rsaenh.dll
0x00007ff9aff00000 - 0x00007ff9aff2b000 	C:\WINDOWS\SYSTEM32\USERENV.dll
0x00007ff9b0a80000 - 0x00007ff9b0aaa000 	C:\WINDOWS\SYSTEM32\bcrypt.dll
0x00007ff9b00a0000 - 0x00007ff9b00ac000 	C:\WINDOWS\SYSTEM32\CRYPTBASE.dll
0x00007ff9af2f0000 - 0x00007ff9af324000 	C:\WINDOWS\SYSTEM32\IPHLPAPI.DLL
0x00007ff9b22c0000 - 0x00007ff9b22ca000 	C:\WINDOWS\System32\NSI.dll
0x00007ff978500000 - 0x00007ff978549000 	C:\Users\PC\AppData\Local\Temp\jna-2547\jna13270528844346178256.dll
0x00007ff9b35d0000 - 0x00007ff9b35d8000 	C:\WINDOWS\System32\PSAPI.DLL
0x00007ff9a7300000 - 0x00007ff9a731e000 	C:\WINDOWS\SYSTEM32\dhcpcsvc6.DLL
0x00007ff9a6340000 - 0x00007ff9a6363000 	C:\WINDOWS\SYSTEM32\dhcpcsvc.DLL

JVMTI agents:
c:\Users\PC\.vscode\extensions\redhat.java-1.51.0-win32-x64\lombok\lombok-1.18.39-4050.jar path:c:\Users\PC\.vscode\extensions\redhat.java-1.51.0-win32-x64\jre\21.0.9-win32-x86_64\bin\instrument.dll, loaded, initialized, instrumentlib options:none

dbghelp: loaded successfully - version: 4.0.5 - missing functions: none
symbol engine: initialized successfully - sym options: 0x614 - pdb path: .;c:\Users\PC\.vscode\extensions\redhat.java-1.51.0-win32-x64\jre\21.0.9-win32-x86_64\bin;C:\WINDOWS\SYSTEM32;C:\WINDOWS\WinSxS\amd64_microsoft.windows.common-controls_6595b64144ccf1df_6.0.26100.7309_none_3e05feeae336a044;c:\Users\PC\.vscode\extensions\redhat.java-1.51.0-win32-x64\jre\21.0.9-win32-x86_64\bin\server;C:\Users\PC\AppData\Roaming\Code\User\globalStorage\redhat.java\1.51.0\config_win\org.eclipse.equinox.launcher\org.eclipse.equinox.launcher.win32.win32.x86_64_1.2.1400.v20250801-0854;C:\Users\PC\AppData\Local\Temp\jna-2547

VM Arguments:
jvm_args: --add-modules=ALL-SYSTEM --add-opens=java.base/java.util=ALL-UNNAMED --add-opens=java.base/java.lang=ALL-UNNAMED --add-opens=java.base/sun.nio.fs=ALL-UNNAMED -Declipse.application=org.eclipse.jdt.ls.core.id1 -Dosgi.bundles.defaultStartLevel=4 -Declipse.product=org.eclipse.jdt.ls.core.product -Djava.import.generatesMetadataFilesAtProjectRoot=false -DDetectVMInstallationsJob.disabled=true -Dfile.encoding=utf8 -XX:+UseParallelGC -XX:GCTimeRatio=4 -XX:AdaptiveSizePolicyWeight=90 -Dsun.zip.disableMemoryMapping=true -Xmx2G -Xms100m -Xlog:disable -javaagent:c:\Users\PC\.vscode\extensions\redhat.java-1.51.0-win32-x64\lombok\lombok-1.18.39-4050.jar -XX:+HeapDumpOnOutOfMemoryError -XX:HeapDumpPath=c:\Users\PC\AppData\Roaming\Code\User\workspaceStorage\87fc08404a33153041d46c5984720faa\redhat.java -Daether.dependencyCollector.impl=bf 
java_command: c:\Users\PC\.vscode\extensions\redhat.java-1.51.0-win32-x64\server\plugins\org.eclipse.equinox.launcher_1.7.100.v20251111-0406.jar -configuration c:\Users\PC\AppData\Roaming\Code\User\globalStorage\redhat.java\1.51.0\config_win -data c:\Users\PC\AppData\Roaming\Code\User\workspaceStorage\87fc08404a33153041d46c5984720faa\redhat.java\jdt_ws --pipe=\\.\pipe\lsp-a471ebdf3969fe347c4d946e7f2ece7d-sock
java_class_path (initial): c:\Users\PC\.vscode\extensions\redhat.java-1.51.0-win32-x64\server\plugins\org.eclipse.equinox.launcher_1.7.100.v20251111-0406.jar
Launcher Type: SUN_STANDARD

[Global flags]
    uintx AdaptiveSizePolicyWeight                 = 90                                        {product} {command line}
     intx CICompilerCount                          = 4                                         {product} {ergonomic}
    uintx GCTimeRatio                              = 4                                         {product} {command line}
     bool HeapDumpOnOutOfMemoryError               = true                                   {manageable} {command line}
    ccstr HeapDumpPath                             = c:\Users\PC\AppData\Roaming\Code\User\workspaceStorage\87fc08404a33153041d46c5984720faa\redhat.java         {manageable} {command line}
   size_t InitialHeapSize                          = 104857600                                 {product} {command line}
   size_t MaxHeapSize                              = 2147483648                                {product} {command line}
   size_t MaxNewSize                               = 715653120                                 {product} {ergonomic}
   size_t MinHeapDeltaBytes                        = 524288                                    {product} {ergonomic}
   size_t MinHeapSize                              = 104857600                                 {product} {command line}
   size_t NewSize                                  = 34603008                                  {product} {ergonomic}
    uintx NonNMethodCodeHeapSize                   = 5839372                                {pd product} {ergonomic}
    uintx NonProfiledCodeHeapSize                  = 122909434                              {pd product} {ergonomic}
   size_t OldSize                                  = 70254592                                  {product} {ergonomic}
    uintx ProfiledCodeHeapSize                     = 122909434                              {pd product} {ergonomic}
    uintx ReservedCodeCacheSize                    = 251658240                              {pd product} {ergonomic}
     bool SegmentedCodeCache                       = true                                      {product} {ergonomic}
   size_t SoftMaxHeapSize                          = 2147483648                             {manageable} {ergonomic}
     bool UseCompressedOops                        = true                           {product lp64_product} {ergonomic}
     bool UseLargePagesIndividualAllocation        = false                                  {pd product} {ergonomic}
     bool UseParallelGC                            = true                                      {product} {command line}

Logging:
Log output configuration:
 #0: stdout all=off uptime,level,tags foldmultilines=false
 #1: stderr all=off uptime,level,tags foldmultilines=false

Release file:
JAVA_VERSION="21.0.9" 
MODULES="java.base java.compiler java.datatransfer java.xml java.prefs java.desktop java.instrument java.logging java.management java.security.sasl java.naming java.rmi java.management.rmi java.net.http java.scripting java.security.jgss java.transaction.xa java.sql java.sql.rowset java.xml.crypto java.se java.smartcardio jdk.accessibility jdk.internal.jvmstat jdk.attach jdk.charsets jdk.internal.opt jdk.zipfs jdk.compiler jdk.crypto.ec jdk.crypto.cryptoki jdk.crypto.mscapi jdk.dynalink jdk.internal.ed jdk.editpad jdk.hotspot.agent jdk.httpserver jdk.internal.le jdk.internal.vm.ci jdk.internal.vm.compiler jdk.internal.vm.compiler.management jdk.jartool jdk.javadoc jdk.jcmd jdk.management jdk.management.agent jdk.jconsole jdk.jdeps jdk.jdwp.agent jdk.jdi jdk.jfr jdk.jshell jdk.jsobject jdk.jstatd jdk.localedata jdk.management.jfr jdk.naming.dns jdk.naming.rmi jdk.net jdk.nio.mapmode jdk.random jdk.sctp jdk.security.auth jdk.security.jgss jdk.unsupported jdk.unsupported.desktop jdk.xml.dom" 

Environment Variables:
JAVA_HOME=C:\Program Files\Java\jdk-23
PATH=D:\product\21c\dbhomeXE\bin;C:\Program Files\Common Files\Oracle\Java\javapath;C:\Program Files (x86)\Common Files\Oracle\Java\java8path;C:\Program Files (x86)\Common Files\Oracle\Java\javapath;C:\WINDOWS\system32;C:\WINDOWS;C:\WINDOWS\System32\Wbem;C:\WINDOWS\System32\WindowsPowerShell\v1.0\;C:\WINDOWS\System32\OpenSSH\;C:\Program Files\Git\cmd;C:\Users\PC\AppData\Local\nvm;C:\nvm4w\nodejs;C:\Program Files\nodejs\;C:\Users\PC\AppData\Local\Programs\Python\Python312;C:\Users\PC\AppData\Local\Programs\Python\Python312\Scripts;C:\wamp64\bin\php\php8.3.14;C:\ProgramData\ComposerSetup\bin;C:\Users\PC\Downloads\stripe_1.27.0_windows_x86_64;C:\wamp64\bin\mysql\mysql9.1.0\bin;C:\Program Files\apache-maven-3.9.11\bin;C:\app\PC\product\21c\dbhomeXE\bin;C:\Program Files\MongoDB\Server\8.2\bin;C:\Program Files\MongoDB\Tools\100\bin;C:\Users\PC\AppData\Local\Programs\Python\Launcher\;D:\YASSINE\Reseau\New folder\gradle\gradle-8.11\bin;C:\Users\PC\AppData\Local\Microsoft\WindowsApps;C:\Users\PC\AppData\Local\Programs\Microsoft VS Code\bin;C:\Users\PC\AppData\Local\GitHubDesktop\bin;C:\Users\PC\AppData\Local\nvm;C:\nvm4w\nodejs;C:\Users\PC\AppData\Roaming\npm;C:\Users\PC\AppData\Roaming\Composer\vendor\bin
USERNAME=PC
OS=Windows_NT
PROCESSOR_IDENTIFIER=Intel64 Family 6 Model 142 Stepping 10, GenuineIntel
TMP=C:\Users\PC\AppData\Local\Temp
TEMP=C:\Users\PC\AppData\Local\Temp




Periodic native trim disabled

---------------  S Y S T E M  ---------------

OS:
 Windows 11 , 64 bit Build 26100 (10.0.26100.7309)
OS uptime: 0 days 2:05 hours
Hyper-V role detected

CPU: total 8 (initial active 8) (4 cores per cpu, 2 threads per core) family 6 model 142 stepping 10 microcode 0xe0, cx8, cmov, fxsr, ht, mmx, 3dnowpref, sse, sse2, sse3, ssse3, sse4.1, sse4.2, popcnt, lzcnt, tsc, tscinvbit, avx, avx2, aes, erms, clmul, bmi1, bmi2, adx, fma, vzeroupper, clflush, clflushopt, hv, rdtscp, f16c
Processor Information for the first 8 processors :
  Max Mhz: 1800, Current Mhz: 1600, Mhz Limit: 1584

Memory: 4k page, system-wide physical 8071M (810M free)
TotalPageFile size 13303M (AvailPageFile size 49M)
current process WorkingSet (physical memory assigned to process): 1233M, peak: 1717M
current process commit charge ("private bytes"): 1308M, peak: 1756M

vm_info: OpenJDK 64-Bit Server VM (21.0.9+10-LTS) for windows-amd64 JRE (21.0.9+10-LTS), built on 2025-10-21T00:00:00Z by "admin" with unknown MS VC++:1942

END.
