#
# There is insufficient memory for the Java Runtime Environment to continue.
# Native memory allocation (malloc) failed to allocate 1310736 bytes for Chunk::new
# Possible reasons:
#   The system is out of physical RAM or swap space
#   The process is running with CompressedOops enabled, and the Java Heap may be blocking the growth of the native heap
# Possible solutions:
#   Reduce memory load on the system
#   Increase physical memory or swap space
#   Check if swap backing store is full
#   Decrease Java heap size (-Xmx/-Xms)
#   Decrease number of Java threads
#   Decrease Java thread stack sizes (-Xss)
#   Set larger code cache with -XX:ReservedCodeCacheSize=
#   JVM is running with Unscaled Compressed Oops mode in which the Java heap is
#     placed in the first 4GB address space. The Java Heap base address is the
#     maximum limit for the native heap growth. Please use -XX:HeapBaseMinAddress
#     to set the Java Heap base and to place the Java Heap above 4GB virtual address.
# This output file may be truncated or incomplete.
#
#  Out of Memory Error (arena.cpp:168), pid=17972, tid=17640
#
# JRE version: Java(TM) SE Runtime Environment (21.0.4+8) (build 21.0.4+8-LTS-274)
# Java VM: Java HotSpot(TM) 64-Bit Server VM (21.0.4+8-LTS-274, mixed mode, sharing, tiered, compressed oops, compressed class ptrs, g1 gc, windows-amd64)
# No core dump will be written. Minidumps are not enabled by default on client versions of Windows
#

---------------  S U M M A R Y ------------

Command Line: -XX:+ShowCodeDetailsInExceptionMessages com.example.ecommerce.EcommerceApplication

Host: Intel(R) Core(TM) i5-8250U CPU @ 1.60GHz, 8 cores, 7G,  Windows 11 , 64 bit Build 26100 (10.0.26100.7309)
Time: Thu Jan  8 00:08:17 2026 Morocco Summer Time elapsed time: 2869.377188 seconds (0d 0h 47m 49s)

---------------  T H R E A D  ---------------

Current thread (0x0000019a53558090):  JavaThread "C2 CompilerThread0" daemon [_thread_in_native, id=17640, stack(0x00000040ff500000,0x00000040ff600000) (1024K)]


Current CompileTask:
C2:2869378 11123       4       java.lang.reflect.ProxyGenerator$ProxyMethod::generateMethod (548 bytes)

Stack: [0x00000040ff500000,0x00000040ff600000]
Native frames: (J=compiled Java code, j=interpreted, Vv=VM code, C=native code)
V  [jvm.dll+0x6c8e59]
V  [jvm.dll+0x853181]
V  [jvm.dll+0x8556ae]
V  [jvm.dll+0x855d83]
V  [jvm.dll+0x27d526]
V  [jvm.dll+0xc4aad]
V  [jvm.dll+0xc4fe3]
V  [jvm.dll+0x2f038f]
V  [jvm.dll+0x5f406a]
V  [jvm.dll+0x24f102]
V  [jvm.dll+0x24f4bf]
V  [jvm.dll+0x2480c4]
V  [jvm.dll+0x245754]
V  [jvm.dll+0x1c69de]
V  [jvm.dll+0x254d49]
V  [jvm.dll+0x2532da]
V  [jvm.dll+0x3ed426]
V  [jvm.dll+0x7fd65b]
V  [jvm.dll+0x6c753d]
C  [ucrtbase.dll+0x37b0]
C  [KERNEL32.DLL+0x2e8d7]
C  [ntdll.dll+0x8c53c]


---------------  P R O C E S S  ---------------

Threads class SMR info:
_java_thread_list=0x0000019a9b170a70, length=32, elements={
0x0000019a5341ab80, 0x0000019a5341c500, 0x0000019a5342c500, 0x0000019a5342cf60,
0x0000019a5342f400, 0x0000019a5342fe60, 0x0000019a53558090, 0x0000019a53559f70,
0x0000019a5369d2b0, 0x0000019a536a9570, 0x0000019a9cfe6c20, 0x0000019a9d8b8680,
0x0000019a994e3900, 0x0000019a994e2550, 0x0000019a994e4cb0, 0x0000019a994e1ec0,
0x0000019a5355cf20, 0x0000019a994e4620, 0x0000019a9c743010, 0x0000019a994e5340,
0x0000019a994e59d0, 0x0000019a994e6060, 0x0000019a994e2be0, 0x0000019a994e66f0,
0x0000019a994e8e50, 0x0000019a994e94e0, 0x0000019a994e7aa0, 0x0000019a994e8130,
0x0000019a994e87c0, 0x0000019a9d8b7960, 0x0000019a9d8b93a0, 0x0000019a9d8b7ff0
}

Java Threads: ( => current thread )
  0x0000019a5341ab80 JavaThread "Reference Handler"          daemon [_thread_blocked, id=19704, stack(0x00000040fef00000,0x00000040ff000000) (1024K)]
  0x0000019a5341c500 JavaThread "Finalizer"                  daemon [_thread_blocked, id=6488, stack(0x00000040ff000000,0x00000040ff100000) (1024K)]
  0x0000019a5342c500 JavaThread "Signal Dispatcher"          daemon [_thread_blocked, id=18120, stack(0x00000040ff100000,0x00000040ff200000) (1024K)]
  0x0000019a5342cf60 JavaThread "Attach Listener"            daemon [_thread_blocked, id=20284, stack(0x00000040ff200000,0x00000040ff300000) (1024K)]
  0x0000019a5342f400 JavaThread "Service Thread"             daemon [_thread_blocked, id=12788, stack(0x00000040ff300000,0x00000040ff400000) (1024K)]
  0x0000019a5342fe60 JavaThread "Monitor Deflation Thread"   daemon [_thread_blocked, id=12736, stack(0x00000040ff400000,0x00000040ff500000) (1024K)]
=>0x0000019a53558090 JavaThread "C2 CompilerThread0"         daemon [_thread_in_native, id=17640, stack(0x00000040ff500000,0x00000040ff600000) (1024K)]
  0x0000019a53559f70 JavaThread "C1 CompilerThread0"         daemon [_thread_blocked, id=17336, stack(0x00000040ff600000,0x00000040ff700000) (1024K)]
  0x0000019a5369d2b0 JavaThread "Notification Thread"        daemon [_thread_blocked, id=18420, stack(0x00000040ff700000,0x00000040ff800000) (1024K)]
  0x0000019a536a9570 JavaThread "Common-Cleaner"             daemon [_thread_blocked, id=16936, stack(0x00000040ff800000,0x00000040ff900000) (1024K)]
  0x0000019a9cfe6c20 JavaThread "PostgreSQL-JDBC-Cleaner"    daemon [_thread_blocked, id=12096, stack(0x0000004080900000,0x0000004080a00000) (1024K)]
  0x0000019a9d8b8680 JavaThread "DestroyJavaVM"                     [_thread_blocked, id=20104, stack(0x00000040fe700000,0x00000040fe800000) (1024K)]
  0x0000019a994e3900 JavaThread "Catalina-utility-1"                [_thread_blocked, id=20476, stack(0x0000004080500000,0x0000004080600000) (1024K)]
  0x0000019a994e2550 JavaThread "Catalina-utility-2"                [_thread_blocked, id=14564, stack(0x0000004080700000,0x0000004080800000) (1024K)]
  0x0000019a994e4cb0 JavaThread "container-0"                       [_thread_blocked, id=20132, stack(0x0000004080800000,0x0000004080900000) (1024K)]
  0x0000019a994e1ec0 JavaThread "HikariPool-11:housekeeper"  daemon [_thread_blocked, id=3612, stack(0x0000004080a00000,0x0000004080b00000) (1024K)]
  0x0000019a5355cf20 JavaThread "C2 CompilerThread1"         daemon [_thread_blocked, id=19552, stack(0x0000004080c00000,0x0000004080d00000) (1024K)]
  0x0000019a994e4620 JavaThread "HikariPool-11:connection-adder" daemon [_thread_in_native, id=13872, stack(0x0000004080d00000,0x0000004080e00000) (1024K)]
  0x0000019a9c743010 JavaThread "C2 CompilerThread2"         daemon [_thread_blocked, id=20984, stack(0x0000004080e00000,0x0000004080f00000) (1024K)]
  0x0000019a994e5340 JavaThread "File Watcher"               daemon [_thread_blocked, id=18676, stack(0x0000004080f00000,0x0000004081000000) (1024K)]
  0x0000019a994e59d0 JavaThread "http-nio-8080-exec-1"       daemon [_thread_blocked, id=5048, stack(0x0000004081000000,0x0000004081100000) (1024K)]
  0x0000019a994e6060 JavaThread "http-nio-8080-exec-2"       daemon [_thread_blocked, id=4976, stack(0x0000004081100000,0x0000004081200000) (1024K)]
  0x0000019a994e2be0 JavaThread "http-nio-8080-exec-3"       daemon [_thread_blocked, id=16728, stack(0x0000004081200000,0x0000004081300000) (1024K)]
  0x0000019a994e66f0 JavaThread "http-nio-8080-exec-4"       daemon [_thread_blocked, id=15084, stack(0x0000004081300000,0x0000004081400000) (1024K)]
  0x0000019a994e8e50 JavaThread "http-nio-8080-exec-5"       daemon [_thread_blocked, id=2520, stack(0x0000004081400000,0x0000004081500000) (1024K)]
  0x0000019a994e94e0 JavaThread "http-nio-8080-exec-6"       daemon [_thread_blocked, id=19176, stack(0x0000004081500000,0x0000004081600000) (1024K)]
  0x0000019a994e7aa0 JavaThread "http-nio-8080-exec-7"       daemon [_thread_blocked, id=10524, stack(0x0000004081600000,0x0000004081700000) (1024K)]
  0x0000019a994e8130 JavaThread "http-nio-8080-exec-8"       daemon [_thread_blocked, id=17452, stack(0x0000004081700000,0x0000004081800000) (1024K)]
  0x0000019a994e87c0 JavaThread "http-nio-8080-exec-9"       daemon [_thread_blocked, id=20556, stack(0x0000004081800000,0x0000004081900000) (1024K)]
  0x0000019a9d8b7960 JavaThread "http-nio-8080-exec-10"      daemon [_thread_blocked, id=6960, stack(0x0000004081900000,0x0000004081a00000) (1024K)]
  0x0000019a9d8b93a0 JavaThread "http-nio-8080-Poller"       daemon [_thread_in_native, id=16364, stack(0x0000004081a00000,0x0000004081b00000) (1024K)]
  0x0000019a9d8b7ff0 JavaThread "http-nio-8080-Acceptor"     daemon [_thread_in_native, id=2612, stack(0x0000004081b00000,0x0000004081c00000) (1024K)]
Total: 32

Other Threads:
  0x0000019a533fa560 VMThread "VM Thread"                           [id=2448, stack(0x00000040fee00000,0x00000040fef00000) (1024K)]
  0x0000019a533df260 WatcherThread "VM Periodic Task Thread"        [id=11104, stack(0x00000040fed00000,0x00000040fee00000) (1024K)]
  0x0000019a36ad8f30 WorkerThread "GC Thread#0"                     [id=9988, stack(0x00000040fe800000,0x00000040fe900000) (1024K)]
  0x0000019a99655850 WorkerThread "GC Thread#1"                     [id=13104, stack(0x00000040ffc00000,0x00000040ffd00000) (1024K)]
  0x0000019a995017a0 WorkerThread "GC Thread#2"                     [id=12832, stack(0x00000040ffd00000,0x00000040ffe00000) (1024K)]
  0x0000019a99501b40 WorkerThread "GC Thread#3"                     [id=17696, stack(0x00000040ffe00000,0x00000040fff00000) (1024K)]
  0x0000019a995a8730 WorkerThread "GC Thread#4"                     [id=7952, stack(0x00000040fff00000,0x0000004100000000) (1024K)]
  0x0000019a995a8ad0 WorkerThread "GC Thread#5"                     [id=19596, stack(0x0000004080000000,0x0000004080100000) (1024K)]
  0x0000019a99cf51b0 WorkerThread "GC Thread#6"                     [id=15220, stack(0x0000004080200000,0x0000004080300000) (1024K)]
  0x0000019a99e16c10 WorkerThread "GC Thread#7"                     [id=19568, stack(0x0000004080300000,0x0000004080400000) (1024K)]
  0x0000019a36aeb1e0 ConcurrentGCThread "G1 Main Marker"            [id=5600, stack(0x00000040fe900000,0x00000040fea00000) (1024K)]
  0x0000019a36aec480 WorkerThread "G1 Conc#0"                       [id=20060, stack(0x00000040fea00000,0x00000040feb00000) (1024K)]
  0x0000019a9b540010 WorkerThread "G1 Conc#1"                       [id=19956, stack(0x0000004080400000,0x0000004080500000) (1024K)]
  0x0000019a5329b5e0 ConcurrentGCThread "G1 Refine#0"               [id=20276, stack(0x00000040feb00000,0x00000040fec00000) (1024K)]
  0x0000019a5329cf10 ConcurrentGCThread "G1 Service"                [id=20288, stack(0x00000040fec00000,0x00000040fed00000) (1024K)]
Total: 15

Threads with active compile tasks:
C2 CompilerThread0  2869453 11123       4       java.lang.reflect.ProxyGenerator$ProxyMethod::generateMethod (548 bytes)
Total: 1

VM state: not at safepoint (normal execution)

VM Mutex/Monitor currently owned by a thread: None

Heap address: 0x0000000081e00000, size: 2018 MB, Compressed Oops mode: 32-bit

CDS archive(s) mapped at: [0x0000019a54000000-0x0000019a54c90000-0x0000019a54c90000), size 13172736, SharedBaseAddress: 0x0000019a54000000, ArchiveRelocationMode: 1.
Compressed class space mapped at: 0x0000019a55000000-0x0000019a95000000, reserved size: 1073741824
Narrow klass base: 0x0000019a54000000, Narrow klass shift: 0, Narrow klass range: 0x100000000

GC Precious Log:
 CardTable entry size: 512
 Card Set container configuration: InlinePtr #cards 5 size 8 Array Of Cards #cards 12 size 40 Howl #buckets 4 coarsen threshold 1843 Howl Bitmap #cards 512 size 80 coarsen threshold 460 Card regions per heap region 1 cards per card region 2048
 CPUs: 8 total, 8 available
 Memory: 8071M
 Large Page Support: Disabled
 NUMA Support: Disabled
 Compressed Oops: Enabled (32-bit)
 Heap Region Size: 1M
 Heap Min Capacity: 8M
 Heap Initial Capacity: 128M
 Heap Max Capacity: 2018M
 Pre-touch: Disabled
 Parallel Workers: 8
 Concurrent Workers: 2
 Concurrent Refinement Workers: 8
 Periodic GC: Disabled

Heap:
 garbage-first heap   total 86016K, used 53989K [0x0000000081e00000, 0x0000000100000000)
  region size 1024K, 28 young (28672K), 3 survivors (3072K)
 Metaspace       used 79705K, committed 80512K, reserved 1179648K
  class space    used 10665K, committed 11008K, reserved 1048576K

Heap Regions: E=young(eden), S=young(survivor), O=old, HS=humongous(starts), HC=humongous(continues), CS=collection set, F=free, TAMS=top-at-mark-start, PB=parsable bottom
|   0|0x0000000081e00000, 0x0000000081f00000, 0x0000000081f00000|100%|HS|  |TAMS 0x0000000081e00000| PB 0x0000000081e00000| Complete 
|   1|0x0000000081f00000, 0x0000000082000000, 0x0000000082000000|100%|HS|  |TAMS 0x0000000081f00000| PB 0x0000000081f00000| Complete 
|   2|0x0000000082000000, 0x00000000820ffff8, 0x0000000082100000| 99%| O|  |TAMS 0x0000000082000000| PB 0x0000000082000000| Untracked 
|   3|0x0000000082100000, 0x0000000082200000, 0x0000000082200000|100%| O|  |TAMS 0x0000000082100000| PB 0x0000000082100000| Untracked 
|   4|0x0000000082200000, 0x00000000822ffff8, 0x0000000082300000| 99%| O|  |TAMS 0x0000000082200000| PB 0x0000000082200000| Untracked 
|   5|0x0000000082300000, 0x0000000082400000, 0x0000000082400000|100%| O|  |TAMS 0x0000000082300000| PB 0x0000000082300000| Untracked 
|   6|0x0000000082400000, 0x00000000824fffc8, 0x0000000082500000| 99%| O|  |TAMS 0x0000000082400000| PB 0x0000000082400000| Untracked 
|   7|0x0000000082500000, 0x00000000825ffff0, 0x0000000082600000| 99%| O|  |TAMS 0x0000000082500000| PB 0x0000000082500000| Untracked 
|   8|0x0000000082600000, 0x0000000082700000, 0x0000000082700000|100%| O|  |TAMS 0x0000000082600000| PB 0x0000000082600000| Untracked 
|   9|0x0000000082700000, 0x00000000827ffff0, 0x0000000082800000| 99%| O|  |TAMS 0x0000000082700000| PB 0x0000000082700000| Untracked 
|  10|0x0000000082800000, 0x00000000828ffff8, 0x0000000082900000| 99%| O|  |TAMS 0x0000000082800000| PB 0x0000000082800000| Untracked 
|  11|0x0000000082900000, 0x00000000829fffb8, 0x0000000082a00000| 99%| O|  |TAMS 0x0000000082900000| PB 0x0000000082900000| Untracked 
|  12|0x0000000082a00000, 0x0000000082b00000, 0x0000000082b00000|100%| O|  |TAMS 0x0000000082a00000| PB 0x0000000082a00000| Untracked 
|  13|0x0000000082b00000, 0x0000000082bfffd8, 0x0000000082c00000| 99%| O|  |TAMS 0x0000000082b00000| PB 0x0000000082b00000| Untracked 
|  14|0x0000000082c00000, 0x0000000082cfff98, 0x0000000082d00000| 99%| O|  |TAMS 0x0000000082c00000| PB 0x0000000082c00000| Untracked 
|  15|0x0000000082d00000, 0x0000000082dff3f8, 0x0000000082e00000| 99%| O|  |TAMS 0x0000000082d00000| PB 0x0000000082d00000| Untracked 
|  16|0x0000000082e00000, 0x0000000082efffc0, 0x0000000082f00000| 99%| O|  |TAMS 0x0000000082e00000| PB 0x0000000082e00000| Untracked 
|  17|0x0000000082f00000, 0x0000000082ffffd8, 0x0000000083000000| 99%| O|  |TAMS 0x0000000082f00000| PB 0x0000000082f00000| Untracked 
|  18|0x0000000083000000, 0x00000000830ff558, 0x0000000083100000| 99%| O|  |TAMS 0x0000000083000000| PB 0x0000000083000000| Untracked 
|  19|0x0000000083100000, 0x0000000083200000, 0x0000000083200000|100%| O|  |TAMS 0x0000000083100000| PB 0x0000000083100000| Untracked 
|  20|0x0000000083200000, 0x00000000832ffff0, 0x0000000083300000| 99%| O|  |TAMS 0x0000000083200000| PB 0x0000000083200000| Untracked 
|  21|0x0000000083300000, 0x00000000833ffff8, 0x0000000083400000| 99%| O|  |TAMS 0x0000000083300000| PB 0x0000000083300000| Untracked 
|  22|0x0000000083400000, 0x00000000834fffb8, 0x0000000083500000| 99%| O|  |TAMS 0x0000000083400000| PB 0x0000000083400000| Untracked 
|  23|0x0000000083500000, 0x00000000835fffe8, 0x0000000083600000| 99%| O|  |TAMS 0x0000000083500000| PB 0x0000000083500000| Untracked 
|  24|0x0000000083600000, 0x0000000083680740, 0x0000000083700000| 50%| O|  |TAMS 0x0000000083600000| PB 0x0000000083600000| Untracked 
|  25|0x0000000083700000, 0x0000000083763b10, 0x0000000083800000| 38%| O|Cm|TAMS 0x0000000083700000| PB 0x0000000083700000| Complete 
|  26|0x0000000083800000, 0x000000008388d548, 0x0000000083900000| 55%| O|  |TAMS 0x0000000083800000| PB 0x0000000083800000| Untracked 
|  27|0x0000000083900000, 0x00000000839d4ae0, 0x0000000083a00000| 83%| O|  |TAMS 0x0000000083900000| PB 0x0000000083900000| Untracked 
|  28|0x0000000083a00000, 0x0000000083a95fd8, 0x0000000083b00000| 58%| O|  |TAMS 0x0000000083a00000| PB 0x0000000083a00000| Untracked 
|  29|0x0000000083b00000, 0x0000000083b00000, 0x0000000083c00000|  0%| F|  |TAMS 0x0000000083b00000| PB 0x0000000083b00000| Untracked 
|  30|0x0000000083c00000, 0x0000000083c00000, 0x0000000083d00000|  0%| F|  |TAMS 0x0000000083c00000| PB 0x0000000083c00000| Untracked 
|  31|0x0000000083d00000, 0x0000000083d00000, 0x0000000083e00000|  0%| F|  |TAMS 0x0000000083d00000| PB 0x0000000083d00000| Untracked 
|  32|0x0000000083e00000, 0x0000000083e00000, 0x0000000083f00000|  0%| F|  |TAMS 0x0000000083e00000| PB 0x0000000083e00000| Untracked 
|  33|0x0000000083f00000, 0x0000000083f00000, 0x0000000084000000|  0%| F|  |TAMS 0x0000000083f00000| PB 0x0000000083f00000| Untracked 
|  34|0x0000000084000000, 0x0000000084000000, 0x0000000084100000|  0%| F|  |TAMS 0x0000000084000000| PB 0x0000000084000000| Untracked 
|  35|0x0000000084100000, 0x0000000084100000, 0x0000000084200000|  0%| F|  |TAMS 0x0000000084100000| PB 0x0000000084100000| Untracked 
|  36|0x0000000084200000, 0x00000000842dec70, 0x0000000084300000| 87%| S|CS|TAMS 0x0000000084200000| PB 0x0000000084200000| Complete 
|  37|0x0000000084300000, 0x0000000084400000, 0x0000000084400000|100%| S|CS|TAMS 0x0000000084300000| PB 0x0000000084300000| Complete 
|  38|0x0000000084400000, 0x0000000084500000, 0x0000000084500000|100%| S|CS|TAMS 0x0000000084400000| PB 0x0000000084400000| Complete 
|  39|0x0000000084500000, 0x0000000084500000, 0x0000000084600000|  0%| F|  |TAMS 0x0000000084500000| PB 0x0000000084500000| Untracked 
|  40|0x0000000084600000, 0x0000000084600000, 0x0000000084700000|  0%| F|  |TAMS 0x0000000084600000| PB 0x0000000084600000| Untracked 
|  41|0x0000000084700000, 0x0000000084700000, 0x0000000084800000|  0%| F|  |TAMS 0x0000000084700000| PB 0x0000000084700000| Untracked 
|  42|0x0000000084800000, 0x0000000084800000, 0x0000000084900000|  0%| F|  |TAMS 0x0000000084800000| PB 0x0000000084800000| Untracked 
|  43|0x0000000084900000, 0x0000000084900000, 0x0000000084a00000|  0%| F|  |TAMS 0x0000000084900000| PB 0x0000000084900000| Untracked 
|  44|0x0000000084a00000, 0x0000000084a00000, 0x0000000084b00000|  0%| F|  |TAMS 0x0000000084a00000| PB 0x0000000084a00000| Untracked 
|  45|0x0000000084b00000, 0x0000000084b00000, 0x0000000084c00000|  0%| F|  |TAMS 0x0000000084b00000| PB 0x0000000084b00000| Untracked 
|  46|0x0000000084c00000, 0x0000000084c00000, 0x0000000084d00000|  0%| F|  |TAMS 0x0000000084c00000| PB 0x0000000084c00000| Untracked 
|  47|0x0000000084d00000, 0x0000000084d00000, 0x0000000084e00000|  0%| F|  |TAMS 0x0000000084d00000| PB 0x0000000084d00000| Untracked 
|  48|0x0000000084e00000, 0x0000000084e00000, 0x0000000084f00000|  0%| F|  |TAMS 0x0000000084e00000| PB 0x0000000084e00000| Untracked 
|  49|0x0000000084f00000, 0x0000000084f00000, 0x0000000085000000|  0%| F|  |TAMS 0x0000000084f00000| PB 0x0000000084f00000| Untracked 
|  50|0x0000000085000000, 0x0000000085000000, 0x0000000085100000|  0%| F|  |TAMS 0x0000000085000000| PB 0x0000000085000000| Untracked 
|  51|0x0000000085100000, 0x0000000085100000, 0x0000000085200000|  0%| F|  |TAMS 0x0000000085100000| PB 0x0000000085100000| Untracked 
|  52|0x0000000085200000, 0x0000000085200000, 0x0000000085300000|  0%| F|  |TAMS 0x0000000085200000| PB 0x0000000085200000| Untracked 
|  53|0x0000000085300000, 0x0000000085300000, 0x0000000085400000|  0%| F|  |TAMS 0x0000000085300000| PB 0x0000000085300000| Untracked 
|  54|0x0000000085400000, 0x0000000085400000, 0x0000000085500000|  0%| F|  |TAMS 0x0000000085400000| PB 0x0000000085400000| Untracked 
|  55|0x0000000085500000, 0x0000000085500000, 0x0000000085600000|  0%| F|  |TAMS 0x0000000085500000| PB 0x0000000085500000| Untracked 
|  56|0x0000000085600000, 0x0000000085600000, 0x0000000085700000|  0%| F|  |TAMS 0x0000000085600000| PB 0x0000000085600000| Untracked 
|  57|0x0000000085700000, 0x0000000085700000, 0x0000000085800000|  0%| F|  |TAMS 0x0000000085700000| PB 0x0000000085700000| Untracked 
|  58|0x0000000085800000, 0x0000000085800000, 0x0000000085900000|  0%| F|  |TAMS 0x0000000085800000| PB 0x0000000085800000| Untracked 
|  59|0x0000000085900000, 0x0000000085950640, 0x0000000085a00000| 31%| E|  |TAMS 0x0000000085900000| PB 0x0000000085900000| Complete 
|  60|0x0000000085a00000, 0x0000000085b00000, 0x0000000085b00000|100%| E|CS|TAMS 0x0000000085a00000| PB 0x0000000085a00000| Complete 
|  61|0x0000000085b00000, 0x0000000085c00000, 0x0000000085c00000|100%| E|CS|TAMS 0x0000000085b00000| PB 0x0000000085b00000| Complete 
|  62|0x0000000085c00000, 0x0000000085d00000, 0x0000000085d00000|100%| E|CS|TAMS 0x0000000085c00000| PB 0x0000000085c00000| Complete 
|  63|0x0000000085d00000, 0x0000000085e00000, 0x0000000085e00000|100%| E|CS|TAMS 0x0000000085d00000| PB 0x0000000085d00000| Complete 
|  64|0x0000000085e00000, 0x0000000085f00000, 0x0000000085f00000|100%| E|CS|TAMS 0x0000000085e00000| PB 0x0000000085e00000| Complete 
|  65|0x0000000085f00000, 0x0000000086000000, 0x0000000086000000|100%| E|CS|TAMS 0x0000000085f00000| PB 0x0000000085f00000| Complete 
|  66|0x0000000086000000, 0x0000000086100000, 0x0000000086100000|100%| E|CS|TAMS 0x0000000086000000| PB 0x0000000086000000| Complete 
|  67|0x0000000086100000, 0x0000000086200000, 0x0000000086200000|100%| E|CS|TAMS 0x0000000086100000| PB 0x0000000086100000| Complete 
|  68|0x0000000086200000, 0x0000000086300000, 0x0000000086300000|100%| E|CS|TAMS 0x0000000086200000| PB 0x0000000086200000| Complete 
|  69|0x0000000086300000, 0x0000000086400000, 0x0000000086400000|100%| E|CS|TAMS 0x0000000086300000| PB 0x0000000086300000| Complete 
|  70|0x0000000086400000, 0x0000000086500000, 0x0000000086500000|100%| E|CS|TAMS 0x0000000086400000| PB 0x0000000086400000| Complete 
|  71|0x0000000086500000, 0x0000000086600000, 0x0000000086600000|100%| E|CS|TAMS 0x0000000086500000| PB 0x0000000086500000| Complete 
|  72|0x0000000086600000, 0x0000000086700000, 0x0000000086700000|100%| E|CS|TAMS 0x0000000086600000| PB 0x0000000086600000| Complete 
|  73|0x0000000086700000, 0x0000000086800000, 0x0000000086800000|100%| E|CS|TAMS 0x0000000086700000| PB 0x0000000086700000| Complete 
|  74|0x0000000086800000, 0x0000000086900000, 0x0000000086900000|100%| E|CS|TAMS 0x0000000086800000| PB 0x0000000086800000| Complete 
|  75|0x0000000086900000, 0x0000000086a00000, 0x0000000086a00000|100%| E|CS|TAMS 0x0000000086900000| PB 0x0000000086900000| Complete 
|  76|0x0000000086a00000, 0x0000000086b00000, 0x0000000086b00000|100%| E|CS|TAMS 0x0000000086a00000| PB 0x0000000086a00000| Complete 
|  84|0x0000000087200000, 0x0000000087300000, 0x0000000087300000|100%| E|  |TAMS 0x0000000087200000| PB 0x0000000087200000| Complete 
|  85|0x0000000087300000, 0x0000000087400000, 0x0000000087400000|100%| E|CS|TAMS 0x0000000087300000| PB 0x0000000087300000| Complete 
|  86|0x0000000087400000, 0x0000000087500000, 0x0000000087500000|100%| E|CS|TAMS 0x0000000087400000| PB 0x0000000087400000| Complete 
|  87|0x0000000087500000, 0x0000000087600000, 0x0000000087600000|100%| E|CS|TAMS 0x0000000087500000| PB 0x0000000087500000| Complete 
|  88|0x0000000087600000, 0x0000000087700000, 0x0000000087700000|100%| E|CS|TAMS 0x0000000087600000| PB 0x0000000087600000| Complete 
|  89|0x0000000087700000, 0x0000000087800000, 0x0000000087800000|100%| E|CS|TAMS 0x0000000087700000| PB 0x0000000087700000| Complete 
| 127|0x0000000089d00000, 0x0000000089e00000, 0x0000000089e00000|100%| E|CS|TAMS 0x0000000089d00000| PB 0x0000000089d00000| Complete 

Card table byte_map: [0x0000019a4e620000,0x0000019a4ea20000] _byte_map_base: 0x0000019a4e211000

Marking Bits: (CMBitMap*) 0x0000019a36ad9e40
 Bits: [0x0000019a4ea20000, 0x0000019a509a8000)

Polling page: 0x0000019a349b0000

Metaspace:

Usage:
  Non-class:     67.42 MB used.
      Class:     10.42 MB used.
       Both:     77.84 MB used.

Virtual space:
  Non-class space:      128.00 MB reserved,      67.88 MB ( 53%) committed,  2 nodes.
      Class space:        1.00 GB reserved,      10.75 MB (  1%) committed,  1 nodes.
             Both:        1.12 GB reserved,      78.62 MB (  7%) committed. 

Chunk freelists:
   Non-Class:  12.10 MB
       Class:  5.26 MB
        Both:  17.36 MB

MaxMetaspaceSize: unlimited
CompressedClassSpaceSize: 1.00 GB
Initial GC threshold: 21.00 MB
Current GC threshold: 130.56 MB
CDS: on
 - commit_granule_bytes: 65536.
 - commit_granule_words: 8192.
 - virtual_space_node_default_size: 8388608.
 - enlarge_chunks_in_place: 1.
 - use_allocation_guard: 0.


Internal statistics:

num_allocs_failed_limit: 6.
num_arena_births: 1338.
num_arena_deaths: 378.
num_vsnodes_births: 3.
num_vsnodes_deaths: 0.
num_space_committed: 1258.
num_space_uncommitted: 0.
num_chunks_returned_to_freelist: 412.
num_chunks_taken_from_freelist: 4531.
num_chunk_merges: 93.
num_chunk_splits: 3012.
num_chunks_enlarged: 2300.
num_inconsistent_stats: 0.

CodeHeap 'non-profiled nmethods': size=120000Kb used=6305Kb max_used=6305Kb free=113694Kb
 bounds [0x0000019a469b0000, 0x0000019a46fe0000, 0x0000019a4dee0000]
CodeHeap 'profiled nmethods': size=120000Kb used=13898Kb max_used=13898Kb free=106101Kb
 bounds [0x0000019a3eee0000, 0x0000019a3fc80000, 0x0000019a46410000]
CodeHeap 'non-nmethods': size=5760Kb used=1686Kb max_used=1811Kb free=4073Kb
 bounds [0x0000019a46410000, 0x0000019a46680000, 0x0000019a469b0000]
 total_blobs=7573 nmethods=6858 adapters=618
 compilation: enabled
              stopped_count=0, restarted_count=0
 full_count=0

Compilation events (20 events):
Event: 2869.149 Thread 0x0000019a9c743010 11126       4       org.springframework.core.annotation.AnnotationTypeMapping$MirrorSets$MirrorSet::resolve (248 bytes)
Event: 2869.164 Thread 0x0000019a9c743010 nmethod 11126 0x0000019a46fc8b90 code [0x0000019a46fc8da0, 0x0000019a46fc9578]
Event: 2869.165 Thread 0x0000019a9c743010 11149       4       org.springframework.core.annotation.MergedAnnotation$Adapt::values (34 bytes)
Event: 2869.184 Thread 0x0000019a53559f70 11151       3       org.apache.catalina.core.ApplicationContextFacade::getInitParameterNames (8 bytes)
Event: 2869.184 Thread 0x0000019a53559f70 nmethod 11151 0x0000019a3fc70a90 code [0x0000019a3fc70c40, 0x0000019a3fc70d98]
Event: 2869.184 Thread 0x0000019a53559f70 11152       3       org.apache.catalina.core.ApplicationContext::getInitParameterNames (60 bytes)
Event: 2869.185 Thread 0x0000019a53559f70 nmethod 11152 0x0000019a3fc70e90 code [0x0000019a3fc71140, 0x0000019a3fc72278]
Event: 2869.185 Thread 0x0000019a53559f70 11153       3       org.springframework.beans.factory.support.BeanDefinitionValueResolver::<init> (26 bytes)
Event: 2869.186 Thread 0x0000019a53559f70 nmethod 11153 0x0000019a3fc72710 code [0x0000019a3fc728c0, 0x0000019a3fc72b98]
Event: 2869.188 Thread 0x0000019a53559f70 11154       3       org.springframework.util.ClassUtils::getPackageName (14 bytes)
Event: 2869.189 Thread 0x0000019a53559f70 nmethod 11154 0x0000019a3fc72c90 code [0x0000019a3fc72ee0, 0x0000019a3fc73670]
Event: 2869.228 Thread 0x0000019a53559f70 11155       3       java.util.concurrent.ConcurrentHashMap$KeySetView::<init> (11 bytes)
Event: 2869.229 Thread 0x0000019a53559f70 nmethod 11155 0x0000019a3fc73990 code [0x0000019a3fc73b40, 0x0000019a3fc73dc0]
Event: 2869.232 Thread 0x0000019a53559f70 11156       2       java.util.HashMap::valuesToArray (81 bytes)
Event: 2869.233 Thread 0x0000019a53559f70 nmethod 11156 0x0000019a3fc73e90 code [0x0000019a3fc74040, 0x0000019a3fc74350]
Event: 2869.319 Thread 0x0000019a9c743010 nmethod 11149 0x0000019a46fc9c90 code [0x0000019a46fca1c0, 0x0000019a46fcc810]
Event: 2869.320 Thread 0x0000019a9c743010 11124       4       org.springframework.core.ResolvableType::forMethodParameter (9 bytes)
Event: 2869.321 Thread 0x0000019a9c743010 nmethod 11124 0x0000019a46fce090 code [0x0000019a46fce220, 0x0000019a46fce2d8]
Event: 2869.321 Thread 0x0000019a9c743010 11122       4       java.util.StringJoiner::add (110 bytes)
Event: 2869.333 Thread 0x0000019a9c743010 nmethod 11122 0x0000019a46fce410 code [0x0000019a46fce5e0, 0x0000019a46fcec40]

GC Heap History (20 events):
Event: 2853.580 GC heap before
{Heap before GC invocations=46 (full 6):
 garbage-first heap   total 58368K, used 48220K [0x0000000081e00000, 0x0000000100000000)
  region size 1024K, 22 young (22528K), 0 survivors (0K)
 Metaspace       used 78004K, committed 78720K, reserved 1179648K
  class space    used 10578K, committed 10880K, reserved 1048576K
}
Event: 2853.583 GC heap after
{Heap after GC invocations=47 (full 6):
 garbage-first heap   total 58368K, used 29002K [0x0000000081e00000, 0x0000000100000000)
  region size 1024K, 3 young (3072K), 3 survivors (3072K)
 Metaspace       used 78004K, committed 78720K, reserved 1179648K
  class space    used 10578K, committed 10880K, reserved 1048576K
}
Event: 2854.066 GC heap before
{Heap before GC invocations=48 (full 6):
 garbage-first heap   total 58368K, used 47434K [0x0000000081e00000, 0x0000000100000000)
  region size 1024K, 22 young (22528K), 3 survivors (3072K)
 Metaspace       used 78213K, committed 78976K, reserved 1179648K
  class space    used 10589K, committed 10944K, reserved 1048576K
}
Event: 2854.070 GC heap after
{Heap after GC invocations=49 (full 6):
 garbage-first heap   total 70656K, used 30681K [0x0000000081e00000, 0x0000000100000000)
  region size 1024K, 2 young (2048K), 2 survivors (2048K)
 Metaspace       used 78213K, committed 78976K, reserved 1179648K
  class space    used 10589K, committed 10944K, reserved 1048576K
}
Event: 2855.677 GC heap before
{Heap before GC invocations=49 (full 6):
 garbage-first heap   total 70656K, used 45017K [0x0000000081e00000, 0x0000000100000000)
  region size 1024K, 17 young (17408K), 2 survivors (2048K)
 Metaspace       used 78313K, committed 79040K, reserved 1179648K
  class space    used 10591K, committed 10944K, reserved 1048576K
}
Event: 2855.732 GC heap after
{Heap after GC invocations=50 (full 7):
 garbage-first heap   total 70656K, used 26905K [0x0000000081e00000, 0x0000000100000000)
  region size 1024K, 0 young (0K), 0 survivors (0K)
 Metaspace       used 78310K, committed 79040K, reserved 1179648K
  class space    used 10590K, committed 10944K, reserved 1048576K
}
Event: 2856.233 GC heap before
{Heap before GC invocations=50 (full 7):
 garbage-first heap   total 70656K, used 55577K [0x0000000081e00000, 0x0000000100000000)
  region size 1024K, 29 young (29696K), 0 survivors (0K)
 Metaspace       used 78407K, committed 79104K, reserved 1179648K
  class space    used 10597K, committed 10944K, reserved 1048576K
}
Event: 2856.236 GC heap after
{Heap after GC invocations=51 (full 7):
 garbage-first heap   total 70656K, used 29909K [0x0000000081e00000, 0x0000000100000000)
  region size 1024K, 3 young (3072K), 3 survivors (3072K)
 Metaspace       used 78407K, committed 79104K, reserved 1179648K
  class space    used 10597K, committed 10944K, reserved 1048576K
}
Event: 2861.127 GC heap before
{Heap before GC invocations=52 (full 7):
 garbage-first heap   total 70656K, used 56533K [0x0000000081e00000, 0x0000000100000000)
  region size 1024K, 31 young (31744K), 3 survivors (3072K)
 Metaspace       used 78623K, committed 79424K, reserved 1179648K
  class space    used 10607K, committed 10944K, reserved 1048576K
}
Event: 2861.183 GC heap after
{Heap after GC invocations=53 (full 8):
 garbage-first heap   total 70656K, used 27101K [0x0000000081e00000, 0x0000000100000000)
  region size 1024K, 0 young (0K), 0 survivors (0K)
 Metaspace       used 78620K, committed 79424K, reserved 1179648K
  class space    used 10606K, committed 10944K, reserved 1048576K
}
Event: 2861.553 GC heap before
{Heap before GC invocations=53 (full 8):
 garbage-first heap   total 70656K, used 56797K [0x0000000081e00000, 0x0000000100000000)
  region size 1024K, 30 young (30720K), 0 survivors (0K)
 Metaspace       used 78724K, committed 79488K, reserved 1179648K
  class space    used 10613K, committed 10944K, reserved 1048576K
}
Event: 2861.558 GC heap after
{Heap after GC invocations=54 (full 8):
 garbage-first heap   total 70656K, used 30133K [0x0000000081e00000, 0x0000000100000000)
  region size 1024K, 3 young (3072K), 3 survivors (3072K)
 Metaspace       used 78724K, committed 79488K, reserved 1179648K
  class space    used 10613K, committed 10944K, reserved 1048576K
}
Event: 2864.592 GC heap before
{Heap before GC invocations=55 (full 8):
 garbage-first heap   total 70656K, used 56757K [0x0000000081e00000, 0x0000000100000000)
  region size 1024K, 30 young (30720K), 3 survivors (3072K)
 Metaspace       used 79021K, committed 79744K, reserved 1179648K
  class space    used 10625K, committed 10944K, reserved 1048576K
}
Event: 2864.653 GC heap after
{Heap after GC invocations=56 (full 9):
 garbage-first heap   total 70656K, used 27302K [0x0000000081e00000, 0x0000000100000000)
  region size 1024K, 0 young (0K), 0 survivors (0K)
 Metaspace       used 79019K, committed 79744K, reserved 1179648K
  class space    used 10624K, committed 10944K, reserved 1048576K
}
Event: 2865.202 GC heap before
{Heap before GC invocations=56 (full 9):
 garbage-first heap   total 70656K, used 56998K [0x0000000081e00000, 0x0000000100000000)
  region size 1024K, 30 young (30720K), 0 survivors (0K)
 Metaspace       used 79136K, committed 79936K, reserved 1179648K
  class space    used 10632K, committed 11008K, reserved 1048576K
}
Event: 2865.205 GC heap after
{Heap after GC invocations=57 (full 9):
 garbage-first heap   total 70656K, used 30353K [0x0000000081e00000, 0x0000000100000000)
  region size 1024K, 3 young (3072K), 3 survivors (3072K)
 Metaspace       used 79136K, committed 79936K, reserved 1179648K
  class space    used 10632K, committed 11008K, reserved 1048576K
}
Event: 2867.254 GC heap before
{Heap before GC invocations=58 (full 9):
 garbage-first heap   total 70656K, used 54929K [0x0000000081e00000, 0x0000000100000000)
  region size 1024K, 29 young (29696K), 3 survivors (3072K)
 Metaspace       used 79391K, committed 80192K, reserved 1179648K
  class space    used 10645K, committed 11008K, reserved 1048576K
}
Event: 2867.337 GC heap after
{Heap after GC invocations=59 (full 10):
 garbage-first heap   total 70656K, used 27498K [0x0000000081e00000, 0x0000000100000000)
  region size 1024K, 0 young (0K), 0 survivors (0K)
 Metaspace       used 79388K, committed 80192K, reserved 1179648K
  class space    used 10645K, committed 11008K, reserved 1048576K
}
Event: 2868.294 GC heap before
{Heap before GC invocations=59 (full 10):
 garbage-first heap   total 70656K, used 57194K [0x0000000081e00000, 0x0000000100000000)
  region size 1024K, 30 young (30720K), 0 survivors (0K)
 Metaspace       used 79479K, committed 80256K, reserved 1179648K
  class space    used 10651K, committed 11008K, reserved 1048576K
}
Event: 2868.299 GC heap after
{Heap after GC invocations=60 (full 10):
 garbage-first heap   total 86016K, used 30437K [0x0000000081e00000, 0x0000000100000000)
  region size 1024K, 3 young (3072K), 3 survivors (3072K)
 Metaspace       used 79479K, committed 80256K, reserved 1179648K
  class space    used 10651K, committed 11008K, reserved 1048576K
}

Dll operation events (10 events):
Event: 0.036 Loaded shared library C:\Program Files\Java\jdk-21\bin\java.dll
Event: 0.107 Loaded shared library C:\Program Files\Java\jdk-21\bin\jsvml.dll
Event: 0.308 Loaded shared library C:\Program Files\Java\jdk-21\bin\net.dll
Event: 0.340 Loaded shared library C:\Program Files\Java\jdk-21\bin\nio.dll
Event: 0.357 Loaded shared library C:\Program Files\Java\jdk-21\bin\zip.dll
Event: 0.499 Loaded shared library C:\Program Files\Java\jdk-21\bin\jimage.dll
Event: 0.952 Loaded shared library C:\Program Files\Java\jdk-21\bin\management.dll
Event: 0.971 Loaded shared library C:\Program Files\Java\jdk-21\bin\management_ext.dll
Event: 2.298 Loaded shared library C:\Program Files\Java\jdk-21\bin\sunmscapi.dll
Event: 7.612 Loaded shared library C:\Program Files\Java\jdk-21\bin\extnet.dll

Deoptimization events (20 events):
Event: 2867.512 Thread 0x0000019a994e3270 Uncommon trap: trap_request=0xffffffbe fr.pc=0x0000019a46f4ee4c relative=0x0000000000001d4c
Event: 2867.512 Thread 0x0000019a994e3270 Uncommon trap: reason=profile_predicate action=maybe_recompile pc=0x0000019a46f4ee4c method=org.springframework.boot.autoconfigure.condition.FilteringSpringBootCondition.filter(Ljava/util/Collection;Lorg/springframework/boot/autoconfigure/condition/Filter
Event: 2867.512 Thread 0x0000019a994e3270 DEOPT PACKING pc=0x0000019a46f4ee4c sp=0x00000040806fdec0
Event: 2867.512 Thread 0x0000019a994e3270 DEOPT UNPACKING pc=0x0000019a464646a2 sp=0x00000040806fde88 mode 2
Event: 2867.512 Thread 0x0000019a994e3270 Uncommon trap: trap_request=0xffffffbe fr.pc=0x0000019a46f4ee4c relative=0x0000000000001d4c
Event: 2867.512 Thread 0x0000019a994e3270 Uncommon trap: reason=profile_predicate action=maybe_recompile pc=0x0000019a46f4ee4c method=org.springframework.boot.autoconfigure.condition.FilteringSpringBootCondition.filter(Ljava/util/Collection;Lorg/springframework/boot/autoconfigure/condition/Filter
Event: 2867.512 Thread 0x0000019a994e3270 DEOPT PACKING pc=0x0000019a46f4ee4c sp=0x00000040806fdec0
Event: 2867.520 Thread 0x0000019a994e3270 DEOPT UNPACKING pc=0x0000019a464646a2 sp=0x00000040806fde88 mode 2
Event: 2867.520 Thread 0x0000019a994e3270 Uncommon trap: trap_request=0xffffffbe fr.pc=0x0000019a46f4ee4c relative=0x0000000000001d4c
Event: 2867.520 Thread 0x0000019a994e3270 Uncommon trap: reason=profile_predicate action=maybe_recompile pc=0x0000019a46f4ee4c method=org.springframework.boot.autoconfigure.condition.FilteringSpringBootCondition.filter(Ljava/util/Collection;Lorg/springframework/boot/autoconfigure/condition/Filter
Event: 2867.520 Thread 0x0000019a994e3270 DEOPT PACKING pc=0x0000019a46f4ee4c sp=0x00000040806fdec0
Event: 2867.520 Thread 0x0000019a994e3270 DEOPT UNPACKING pc=0x0000019a464646a2 sp=0x00000040806fde88 mode 2
Event: 2867.912 Thread 0x0000019a994e3270 Uncommon trap: trap_request=0xffffffcc fr.pc=0x0000019a46fa4b30 relative=0x0000000000000350
Event: 2867.912 Thread 0x0000019a994e3270 Uncommon trap: reason=intrinsic_or_type_checked_inlining action=make_not_entrant pc=0x0000019a46fa4b30 method=java.util.stream.SpinedBuffer.copyInto([Ljava/lang/Object;I)V @ 51 c2
Event: 2867.912 Thread 0x0000019a994e3270 DEOPT PACKING pc=0x0000019a46fa4b30 sp=0x00000040806fdd20
Event: 2867.912 Thread 0x0000019a994e3270 DEOPT UNPACKING pc=0x0000019a464646a2 sp=0x00000040806fdcc0 mode 2
Event: 2868.273 Thread 0x0000019a994e3270 Uncommon trap: trap_request=0xffffffcc fr.pc=0x0000019a46faef18 relative=0x00000000000004b8
Event: 2868.273 Thread 0x0000019a994e3270 Uncommon trap: reason=intrinsic_or_type_checked_inlining action=make_not_entrant pc=0x0000019a46faef18 method=java.util.stream.SpinedBuffer.copyInto([Ljava/lang/Object;I)V @ 125 c2
Event: 2868.273 Thread 0x0000019a994e3270 DEOPT PACKING pc=0x0000019a46faef18 sp=0x00000040806fae30
Event: 2868.273 Thread 0x0000019a994e3270 DEOPT UNPACKING pc=0x0000019a464646a2 sp=0x00000040806fade0 mode 2

Classes loaded (20 events):
Event: 1902.014 Loading class java/util/stream/LongStream
Event: 1902.014 Loading class java/util/stream/LongStream done
Event: 1902.015 Loading class java/util/stream/DoubleStream
Event: 1902.016 Loading class java/util/stream/DoubleStream done
Event: 1902.021 Loading class org/w3c/dom/Node
Event: 1902.022 Loading class org/w3c/dom/Node done
Event: 1902.022 Loading class org/w3c/dom/Document
Event: 1902.023 Loading class org/w3c/dom/Document done
Event: 1923.240 Loading class java/lang/invoke/MethodHandleImpl$CountingWrapper$1
Event: 1923.241 Loading class java/lang/invoke/MethodHandleImpl$CountingWrapper$1 done
Event: 2709.780 Loading class java/util/concurrent/locks/AbstractQueuedSynchronizer$SharedNode
Event: 2709.783 Loading class java/util/concurrent/locks/AbstractQueuedSynchronizer$SharedNode done
Event: 2709.986 Loading class java/util/WeakHashMap$KeyIterator
Event: 2709.986 Loading class java/util/WeakHashMap$KeyIterator done
Event: 2710.317 Loading class java/lang/ref/Finalizer$2
Event: 2710.317 Loading class java/lang/ref/Finalizer$2 done
Event: 2710.317 Loading class java/lang/ref/Finalizer$1
Event: 2710.318 Loading class java/lang/ref/Finalizer$1 done
Event: 2712.168 Loading class java/time/DurationEditor
Event: 2712.168 Loading class java/time/DurationEditor done

Classes unloaded (20 events):
Event: 2715.631 Thread 0x0000019a533fa560 Unloading class 0x0000019a55498c00 'java/lang/invoke/LambdaForm$MH+0x0000019a55498c00'
Event: 2715.631 Thread 0x0000019a533fa560 Unloading class 0x0000019a55494800 'java/lang/invoke/LambdaForm$MH+0x0000019a55494800'
Event: 2715.631 Thread 0x0000019a533fa560 Unloading class 0x0000019a55a89000 'org/apache/catalina/loader/JdbcLeakPrevention'
Event: 2715.631 Thread 0x0000019a533fa560 Unloading class 0x0000019a55411000 'java/lang/invoke/LambdaForm$MH+0x0000019a55411000'
Event: 2715.631 Thread 0x0000019a533fa560 Unloading class 0x0000019a553f1400 'java/lang/invoke/LambdaForm$MH+0x0000019a553f1400'
Event: 2715.631 Thread 0x0000019a533fa560 Unloading class 0x0000019a553f0c00 'java/lang/invoke/LambdaForm$MH+0x0000019a553f0c00'
Event: 2715.631 Thread 0x0000019a533fa560 Unloading class 0x0000019a553e9c00 'java/lang/invoke/LambdaForm$MH+0x0000019a553e9c00'
Event: 2715.631 Thread 0x0000019a533fa560 Unloading class 0x0000019a553e9400 'java/lang/invoke/LambdaForm$MH+0x0000019a553e9400'
Event: 2715.631 Thread 0x0000019a533fa560 Unloading class 0x0000019a553d0800 'java/lang/invoke/LambdaForm$MH+0x0000019a553d0800'
Event: 2715.631 Thread 0x0000019a533fa560 Unloading class 0x0000019a553a5400 'java/lang/invoke/LambdaForm$MH+0x0000019a553a5400'
Event: 2715.631 Thread 0x0000019a533fa560 Unloading class 0x0000019a553a4400 'java/lang/invoke/LambdaForm$MH+0x0000019a553a4400'
Event: 2715.631 Thread 0x0000019a533fa560 Unloading class 0x0000019a55109800 'java/lang/invoke/LambdaForm$MH+0x0000019a55109800'
Event: 2832.058 Thread 0x0000019a533fa560 Unloading class 0x0000019a553b8000 'org/apache/catalina/loader/JdbcLeakPrevention'
Event: 2840.450 Thread 0x0000019a533fa560 Unloading class 0x0000019a553b2000 'org/apache/catalina/loader/JdbcLeakPrevention'
Event: 2849.810 Thread 0x0000019a533fa560 Unloading class 0x0000019a55188000 'org/apache/catalina/loader/JdbcLeakPrevention'
Event: 2853.144 Thread 0x0000019a533fa560 Unloading class 0x0000019a55928400 'org/apache/catalina/loader/JdbcLeakPrevention'
Event: 2855.693 Thread 0x0000019a533fa560 Unloading class 0x0000019a55109800 'org/apache/catalina/loader/JdbcLeakPrevention'
Event: 2861.146 Thread 0x0000019a533fa560 Unloading class 0x0000019a55a9f800 'org/apache/catalina/loader/JdbcLeakPrevention'
Event: 2864.611 Thread 0x0000019a533fa560 Unloading class 0x0000019a55aa3400 'org/apache/catalina/loader/JdbcLeakPrevention'
Event: 2867.276 Thread 0x0000019a533fa560 Unloading class 0x0000019a55aaa400 'org/apache/catalina/loader/JdbcLeakPrevention'

Classes redefined (0 events):
No events

Internal exceptions (20 events):
Event: 2853.696 Thread 0x0000019a994e3900 Exception <a 'java/io/FileNotFoundException'{0x00000000873864b0}> (0x00000000873864b0) 
thrown [s\open\src\hotspot\share\prims\jni.cpp, line 520]
Event: 2853.734 Thread 0x0000019a994e3900 Exception <a 'java/io/FileNotFoundException'{0x0000000084f3a3d8}> (0x0000000084f3a3d8) 
thrown [s\open\src\hotspot\share\prims\jni.cpp, line 520]
Event: 2855.676 Thread 0x0000019a994e3f90 Exception <a 'java/lang/InterruptedException'{0x00000000854fb8c0}: sleep interrupted> (0x00000000854fb8c0) 
thrown [s\open\src\hotspot\share\prims\jvm.cpp, line 3074]
Event: 2855.742 Thread 0x0000019a9d8b93a0 Exception <a 'sun/nio/fs/WindowsException'{0x0000000089d98f20}> (0x0000000089d98f20) 
thrown [s\open\src\hotspot\share\prims\jni.cpp, line 520]
Event: 2855.867 Thread 0x0000019a9d8b93a0 Implicit null exception at 0x0000019a46eb4148 to 0x0000019a46ebcb95
Event: 2856.193 Thread 0x0000019a9d8b93a0 Exception <a 'java/io/FileNotFoundException'{0x0000000084776848}> (0x0000000084776848) 
thrown [s\open\src\hotspot\share\prims\jni.cpp, line 520]
Event: 2856.246 Thread 0x0000019a9d8b93a0 Exception <a 'java/io/FileNotFoundException'{0x0000000089d2a978}> (0x0000000089d2a978) 
thrown [s\open\src\hotspot\share\prims\jni.cpp, line 520]
Event: 2861.127 Thread 0x0000019a9d8b7ff0 Exception <a 'java/lang/InterruptedException'{0x000000008476c0e8}: sleep interrupted> (0x000000008476c0e8) 
thrown [s\open\src\hotspot\share\prims\jvm.cpp, line 3074]
Event: 2861.194 Thread 0x0000019a994e3900 Exception <a 'sun/nio/fs/WindowsException'{0x0000000089da7e38}> (0x0000000089da7e38) 
thrown [s\open\src\hotspot\share\prims\jni.cpp, line 520]
Event: 2861.226 Thread 0x0000019a994e3900 Implicit null exception at 0x0000019a46ef2780 to 0x0000019a46efb3e5
Event: 2861.471 Thread 0x0000019a994e3900 Exception <a 'java/io/FileNotFoundException'{0x0000000084786a10}> (0x0000000084786a10) 
thrown [s\open\src\hotspot\share\prims\jni.cpp, line 520]
Event: 2861.531 Thread 0x0000019a994e3900 Exception <a 'java/io/FileNotFoundException'{0x000000008453bae0}> (0x000000008453bae0) 
thrown [s\open\src\hotspot\share\prims\jni.cpp, line 520]
Event: 2864.589 Thread 0x0000019a994e4cb0 Exception <a 'java/lang/InterruptedException'{0x000000008481d318}: sleep interrupted> (0x000000008481d318) 
thrown [s\open\src\hotspot\share\prims\jvm.cpp, line 3074]
Event: 2864.677 Thread 0x0000019a9d8ba750 Exception <a 'sun/nio/fs/WindowsException'{0x0000000089d9cf70}> (0x0000000089d9cf70) 
thrown [s\open\src\hotspot\share\prims\jni.cpp, line 520]
Event: 2865.155 Thread 0x0000019a9d8ba750 Exception <a 'java/io/FileNotFoundException'{0x0000000084770868}> (0x0000000084770868) 
thrown [s\open\src\hotspot\share\prims\jni.cpp, line 520]
Event: 2865.195 Thread 0x0000019a9d8ba750 Exception <a 'java/io/FileNotFoundException'{0x0000000084525128}> (0x0000000084525128) 
thrown [s\open\src\hotspot\share\prims\jni.cpp, line 520]
Event: 2867.254 Thread 0x0000019a9d8b93a0 Exception <a 'java/lang/InterruptedException'{0x00000000849c94c8}: sleep interrupted> (0x00000000849c94c8) 
thrown [s\open\src\hotspot\share\prims\jvm.cpp, line 3074]
Event: 2867.377 Thread 0x0000019a994e3270 Exception <a 'sun/nio/fs/WindowsException'{0x0000000089d9ac10}> (0x0000000089d9ac10) 
thrown [s\open\src\hotspot\share\prims\jni.cpp, line 520]
Event: 2868.205 Thread 0x0000019a994e3270 Exception <a 'java/io/FileNotFoundException'{0x00000000847669a0}> (0x00000000847669a0) 
thrown [s\open\src\hotspot\share\prims\jni.cpp, line 520]
Event: 2868.277 Thread 0x0000019a994e3270 Exception <a 'java/io/FileNotFoundException'{0x000000008451ad10}> (0x000000008451ad10) 
thrown [s\open\src\hotspot\share\prims\jni.cpp, line 520]

ZGC Phase Switch (0 events):
No events

VM Operations (20 events):
Event: 2862.633 Executing VM operation: Cleanup
Event: 2862.633 Executing VM operation: Cleanup done
Event: 2864.592 Executing VM operation: G1CollectFull (System.gc())
Event: 2864.653 Executing VM operation: G1CollectFull (System.gc()) done
Event: 2865.202 Executing VM operation: G1CollectForAllocation (G1 Evacuation Pause)
Event: 2865.205 Executing VM operation: G1CollectForAllocation (G1 Evacuation Pause) done
Event: 2865.239 Executing VM operation: G1PauseRemark
Event: 2865.244 Executing VM operation: G1PauseRemark done
Event: 2865.254 Executing VM operation: G1PauseCleanup
Event: 2865.255 Executing VM operation: G1PauseCleanup done
Event: 2866.263 Executing VM operation: Cleanup
Event: 2866.263 Executing VM operation: Cleanup done
Event: 2867.254 Executing VM operation: G1CollectFull (System.gc())
Event: 2867.338 Executing VM operation: G1CollectFull (System.gc()) done
Event: 2868.294 Executing VM operation: G1CollectForAllocation (G1 Evacuation Pause)
Event: 2868.299 Executing VM operation: G1CollectForAllocation (G1 Evacuation Pause) done
Event: 2868.353 Executing VM operation: G1PauseRemark
Event: 2868.384 Executing VM operation: G1PauseRemark done
Event: 2868.397 Executing VM operation: G1PauseCleanup
Event: 2868.422 Executing VM operation: G1PauseCleanup done

Events (20 events):
Event: 2868.381 Thread 0x0000019a533fa560 flushing nmethod 0x0000019a3f8ddd90
Event: 2868.677 Thread 0x0000019a994e1ec0 Thread added: 0x0000019a994e1ec0
Event: 2868.769 Thread 0x0000019a5355cf20 Thread added: 0x0000019a5355cf20
Event: 2868.785 Thread 0x0000019a994e4620 Thread added: 0x0000019a994e4620
Event: 2869.132 Thread 0x0000019a9c743010 Thread added: 0x0000019a9c743010
Event: 2869.202 Thread 0x0000019a994e5340 Thread added: 0x0000019a994e5340
Event: 2869.224 Thread 0x0000019a994e59d0 Thread added: 0x0000019a994e59d0
Event: 2869.224 Thread 0x0000019a994e6060 Thread added: 0x0000019a994e6060
Event: 2869.224 Thread 0x0000019a994e2be0 Thread added: 0x0000019a994e2be0
Event: 2869.224 Thread 0x0000019a994e66f0 Thread added: 0x0000019a994e66f0
Event: 2869.224 Thread 0x0000019a994e8e50 Thread added: 0x0000019a994e8e50
Event: 2869.224 Thread 0x0000019a994e94e0 Thread added: 0x0000019a994e94e0
Event: 2869.225 Thread 0x0000019a994e7aa0 Thread added: 0x0000019a994e7aa0
Event: 2869.225 Thread 0x0000019a994e8130 Thread added: 0x0000019a994e8130
Event: 2869.225 Thread 0x0000019a994e87c0 Thread added: 0x0000019a994e87c0
Event: 2869.228 Thread 0x0000019a9d8b7960 Thread added: 0x0000019a9d8b7960
Event: 2869.232 Thread 0x0000019a9d8b93a0 Thread added: 0x0000019a9d8b93a0
Event: 2869.232 Thread 0x0000019a9d8b7ff0 Thread added: 0x0000019a9d8b7ff0
Event: 2869.242 Thread 0x0000019a994e3270 Thread exited: 0x0000019a994e3270
Event: 2869.242 Thread 0x0000019a994e3f90 Thread exited: 0x0000019a994e3f90


Dynamic libraries:
0x00007ff77d140000 - 0x00007ff77d150000 	C:\Program Files\Java\jdk-21\bin\java.exe
0x00007ff9b3a40000 - 0x00007ff9b3ca7000 	C:\WINDOWS\SYSTEM32\ntdll.dll
0x00007ff9b2f20000 - 0x00007ff9b2fe9000 	C:\WINDOWS\System32\KERNEL32.DLL
0x00007ff9b13e0000 - 0x00007ff9b17cf000 	C:\WINDOWS\System32\KERNELBASE.dll
0x00007ff9b0d00000 - 0x00007ff9b0e4b000 	C:\WINDOWS\System32\ucrtbase.dll
0x00007ff989840000 - 0x00007ff98985b000 	C:\Program Files\Java\jdk-21\bin\VCRUNTIME140.dll
0x00007ff989820000 - 0x00007ff989839000 	C:\Program Files\Java\jdk-21\bin\jli.dll
0x00007ff9b22d0000 - 0x00007ff9b2384000 	C:\WINDOWS\System32\ADVAPI32.dll
0x00007ff9b18e0000 - 0x00007ff9b1989000 	C:\WINDOWS\System32\msvcrt.dll
0x00007ff9b2560000 - 0x00007ff9b2606000 	C:\WINDOWS\System32\sechost.dll
0x00007ff9b1990000 - 0x00007ff9b1aa8000 	C:\WINDOWS\System32\RPCRT4.dll
0x00007ff9b2390000 - 0x00007ff9b2555000 	C:\WINDOWS\System32\USER32.dll
0x00007ff9b1320000 - 0x00007ff9b1347000 	C:\WINDOWS\System32\win32u.dll
0x00007ff9b18b0000 - 0x00007ff9b18db000 	C:\WINDOWS\System32\GDI32.dll
0x00007ff9b11f0000 - 0x00007ff9b131c000 	C:\WINDOWS\System32\gdi32full.dll
0x00007ff9b0c50000 - 0x00007ff9b0cf3000 	C:\WINDOWS\System32\msvcp_win.dll
0x00007ff99ad40000 - 0x00007ff99afd3000 	C:\WINDOWS\WinSxS\amd64_microsoft.windows.common-controls_6595b64144ccf1df_6.0.26100.7309_none_3e05feeae336a044\COMCTL32.dll
0x00007ff99feb0000 - 0x00007ff99febb000 	C:\WINDOWS\SYSTEM32\VERSION.dll
0x00007ff9b35f0000 - 0x00007ff9b3621000 	C:\WINDOWS\System32\IMM32.DLL
0x00007ff9916a0000 - 0x00007ff9916ac000 	C:\Program Files\Java\jdk-21\bin\vcruntime140_1.dll
0x00007ff97d700000 - 0x00007ff97d78e000 	C:\Program Files\Java\jdk-21\bin\msvcp140.dll
0x00007ff9117b0000 - 0x00007ff9124c3000 	C:\Program Files\Java\jdk-21\bin\server\jvm.dll
0x00007ff9b3980000 - 0x00007ff9b39f4000 	C:\WINDOWS\System32\WS2_32.dll
0x00007ff9b0a10000 - 0x00007ff9b0a6e000 	C:\WINDOWS\SYSTEM32\POWRPROF.dll
0x00007ff99b030000 - 0x00007ff99b065000 	C:\WINDOWS\SYSTEM32\WINMM.dll
0x00007ff9b09f0000 - 0x00007ff9b0a04000 	C:\WINDOWS\SYSTEM32\UMPDC.dll
0x00007ff9af900000 - 0x00007ff9af91b000 	C:\WINDOWS\SYSTEM32\kernel.appcore.dll
0x00007ff98ef90000 - 0x00007ff98ef9a000 	C:\Program Files\Java\jdk-21\bin\jimage.dll
0x00007ff9ae1d0000 - 0x00007ff9ae412000 	C:\WINDOWS\SYSTEM32\DBGHELP.DLL
0x00007ff9b2ff0000 - 0x00007ff9b3375000 	C:\WINDOWS\System32\combase.dll
0x00007ff9b2dc0000 - 0x00007ff9b2e96000 	C:\WINDOWS\System32\OLEAUT32.dll
0x00007ff99c5a0000 - 0x00007ff99c5dc000 	C:\WINDOWS\SYSTEM32\dbgcore.DLL
0x00007ff9b1140000 - 0x00007ff9b11e5000 	C:\WINDOWS\System32\bcryptPrimitives.dll
0x00007ff988e60000 - 0x00007ff988e7f000 	C:\Program Files\Java\jdk-21\bin\java.dll
0x00007ff9b2610000 - 0x00007ff9b2d63000 	C:\WINDOWS\System32\SHELL32.dll
0x00007ff9b0fd0000 - 0x00007ff9b113a000 	C:\WINDOWS\System32\wintypes.dll
0x00007ff9ae770000 - 0x00007ff9aefce000 	C:\WINDOWS\SYSTEM32\windows.storage.dll
0x00007ff9b3460000 - 0x00007ff9b3555000 	C:\WINDOWS\System32\SHCORE.dll
0x00007ff9b3560000 - 0x00007ff9b35c6000 	C:\WINDOWS\System32\shlwapi.dll
0x00007ff9b0ab0000 - 0x00007ff9b0ad9000 	C:\WINDOWS\SYSTEM32\profapi.dll
0x00007ff9540e0000 - 0x00007ff9541b7000 	C:\Program Files\Java\jdk-21\bin\jsvml.dll
0x00007ff98e890000 - 0x00007ff98e8a0000 	C:\Program Files\Java\jdk-21\bin\net.dll
0x00007ff9a6140000 - 0x00007ff9a6268000 	C:\WINDOWS\SYSTEM32\WINHTTP.dll
0x00007ff9afe50000 - 0x00007ff9afebb000 	C:\WINDOWS\system32\mswsock.dll
0x00007ff985ae0000 - 0x00007ff985af6000 	C:\Program Files\Java\jdk-21\bin\nio.dll
0x00007ff985940000 - 0x00007ff985958000 	C:\Program Files\Java\jdk-21\bin\zip.dll
0x00007ff98ec30000 - 0x00007ff98ec3a000 	C:\Program Files\Java\jdk-21\bin\management.dll
0x00007ff98e0b0000 - 0x00007ff98e0bb000 	C:\Program Files\Java\jdk-21\bin\management_ext.dll
0x00007ff9b35d0000 - 0x00007ff9b35d8000 	C:\WINDOWS\System32\PSAPI.DLL
0x00007ff988e50000 - 0x00007ff988e5e000 	C:\Program Files\Java\jdk-21\bin\sunmscapi.dll
0x00007ff9b0e50000 - 0x00007ff9b0fc7000 	C:\WINDOWS\System32\CRYPT32.dll
0x00007ff9b0390000 - 0x00007ff9b03c0000 	C:\WINDOWS\SYSTEM32\ncrypt.dll
0x00007ff9b0340000 - 0x00007ff9b037f000 	C:\WINDOWS\SYSTEM32\NTASN1.dll
0x00007ff9b0240000 - 0x00007ff9b025b000 	C:\WINDOWS\SYSTEM32\CRYPTSP.dll
0x00007ff9af860000 - 0x00007ff9af89a000 	C:\WINDOWS\system32\rsaenh.dll
0x00007ff9aff00000 - 0x00007ff9aff2b000 	C:\WINDOWS\SYSTEM32\USERENV.dll
0x00007ff9b0a80000 - 0x00007ff9b0aaa000 	C:\WINDOWS\SYSTEM32\bcrypt.dll
0x00007ff9b00a0000 - 0x00007ff9b00ac000 	C:\WINDOWS\SYSTEM32\CRYPTBASE.dll
0x00007ff9af2f0000 - 0x00007ff9af324000 	C:\WINDOWS\SYSTEM32\IPHLPAPI.DLL
0x00007ff9b22c0000 - 0x00007ff9b22ca000 	C:\WINDOWS\System32\NSI.dll
0x00007ff9af380000 - 0x00007ff9af4ac000 	C:\WINDOWS\SYSTEM32\DNSAPI.dll
0x00007ff9a6330000 - 0x00007ff9a633b000 	C:\Windows\System32\rasadhlp.dll
0x00007ff9a5200000 - 0x00007ff9a5286000 	C:\WINDOWS\System32\fwpuclnt.dll
0x00007ff985710000 - 0x00007ff985719000 	C:\Program Files\Java\jdk-21\bin\extnet.dll
0x00007ff98fef0000 - 0x00007ff98fef8000 	C:\WINDOWS\system32\wshunix.dll

dbghelp: loaded successfully - version: 4.0.5 - missing functions: none
symbol engine: initialized successfully - sym options: 0x614 - pdb path: .;C:\Program Files\Java\jdk-21\bin;C:\WINDOWS\SYSTEM32;C:\WINDOWS\WinSxS\amd64_microsoft.windows.common-controls_6595b64144ccf1df_6.0.26100.7309_none_3e05feeae336a044;C:\Program Files\Java\jdk-21\bin\server

VM Arguments:
jvm_args: -XX:+ShowCodeDetailsInExceptionMessages 
java_command: com.example.ecommerce.EcommerceApplication
java_class_path (initial): D:\YASSINE\web developement\Spring Boot\Ecommerce-Project\ecommerce\target\classes;C:\Users\PC\.m2\repository\org\springframework\boot\spring-boot-starter-data-jpa\4.0.1\spring-boot-starter-data-jpa-4.0.1.jar;C:\Users\PC\.m2\repository\org\springframework\boot\spring-boot-starter\4.0.1\spring-boot-starter-4.0.1.jar;C:\Users\PC\.m2\repository\org\springframework\boot\spring-boot-starter-logging\4.0.1\spring-boot-starter-logging-4.0.1.jar;C:\Users\PC\.m2\repository\ch\qos\logback\logback-classic\1.5.22\logback-classic-1.5.22.jar;C:\Users\PC\.m2\repository\ch\qos\logback\logback-core\1.5.22\logback-core-1.5.22.jar;C:\Users\PC\.m2\repository\org\apache\logging\log4j\log4j-to-slf4j\2.25.3\log4j-to-slf4j-2.25.3.jar;C:\Users\PC\.m2\repository\org\apache\logging\log4j\log4j-api\2.25.3\log4j-api-2.25.3.jar;C:\Users\PC\.m2\repository\org\slf4j\jul-to-slf4j\2.0.17\jul-to-slf4j-2.0.17.jar;C:\Users\PC\.m2\repository\jakarta\annotation\jakarta.annotation-api\3.0.0\jakarta.annotation-api-3.0.0.jar;C:\Users\PC\.m2\repository\org\yaml\snakeyaml\2.5\snakeyaml-2.5.jar;C:\Users\PC\.m2\repository\org\springframework\boot\spring-boot-starter-jdbc\4.0.1\spring-boot-starter-jdbc-4.0.1.jar;C:\Users\PC\.m2\repository\com\zaxxer\HikariCP\7.0.2\HikariCP-7.0.2.jar;C:\Users\PC\.m2\repository\org\slf4j\slf4j-api\2.0.17\slf4j-api-2.0.17.jar;C:\Users\PC\.m2\repository\org\springframework\boot\spring-boot-data-jpa\4.0.1\spring-boot-data-jpa-4.0.1.jar;C:\Users\PC\.m2\repository\org\springframework\boot\spring-boot-data-commons\4.0.1\spring-boot-data-commons-4.0.1.jar;C:\Users\PC\.m2\repository\org\springframework\boot\spring-boot-persistence\4.0.1\spring-boot-persistence-4.0.1.jar;C:\Users\PC\.m2\repository\org\springframework\data\spring-data-commons\4.0.1\spring-data-commons-4.0.1.jar;C:\Users\PC\.m2\repository\org\springframework\boot\spring-boot-hibernate\4.0.1\spring-boot-hibernate-4.0.1.jar;C:\Users\PC\.m2\repository\org\springframework\boot\spring-boot-jpa\4.0.1\spring-boot-jpa-4.0.1.jar;C:\Users\PC\.m2\repository\jakarta\persistence\jakarta.persistence-api\3.2.0\jakarta.persistence-api-3.2.0.jar;C:\Users\PC\.m2\repository\org\hibernate\orm\hibernate-core\7.2.0.Final\hibernate-core-7.2.0.Final.jar;C:\Users\PC\.m2\repository\jakarta\transaction\jakarta.transaction-api\2.0.1\jakarta.transaction-api-2.0.1.jar;C:\Users\PC\.m2\repository\org\hibernate\models\hibernate-models\1.0.1\hibernate-models-1.0.1.jar;C:\Users\PC\.m2\repository\org\glassfish\jaxb\jaxb-runtime\4.0.6\jaxb-runtime-4.0.6.jar;C:\Users\PC\.m2\repository\org\glassfish\jaxb\jaxb-core\4.0.6\jaxb-core-4.0.6.jar;C:\Users\PC\.m2\repository\org\eclipse\angus\angus-activation\2.0.3\angus-activation-2.0.3.jar;C:\Users\PC\.m2\repository\org\glassfish\jaxb\txw2\4.0.6\txw2-4.0.6.jar;C:\Users\PC\.m2\repository\com\sun\istack\istack-commons-runtime\4.1.2\istack-commons-runtime-4.1.2.jar;C:\Users\PC\.m2\repository\jakarta\inject\jakarta.inject-api\2.0.1\jakarta.inject-api-2.0.1.jar;C:\Users\PC\.m2\repository\org\springframework\spring-orm\7.0.2\spring-orm-7.0.2.jar;C:\Users\PC\.m2\repository\org\springframework\data\spring-data-jpa\4.0.1\spring-data-jpa-4.0.1.jar;C:\Users\PC\.m2\repository\org\springframework\spring-aop\7.0.2\spring-aop-7.0.2.jar;C:\Users\PC\.m2\repository\org\springframework\spring-tx\7.0.2\spring-tx-7.0.2.jar;C:\Users\PC\.m2\repository\org\springframework\spring-beans\7.0.2\spring-beans-7.0.2.jar;C:\Users\PC\.m2\repository\org\antlr\antlr4-runtime\4.13.2\antlr4-runtime-4.13.2.jar;C:\Users\PC\.m2\repository\org\springframework\spring-aspects\7.0.2\spring-aspects-7.0.2.jar;C:\Users\PC\.m2\repository\org\aspectj\aspectjweaver\1.9.25.1\aspectjweaver-1.9.25.1.jar;C:\Users\PC\.m2\repository\org\springframework\boot\spring-boot-jdbc\4.0.1\spring-boot-jdbc-4.0.1.jar;C:\Users\PC\.m2\repository\org\springframework\boot\spring-boot-sql\4.0.1\spring-boot-sql-4.0.1.jar;C:\Users\PC\.m2\repository\org\springframework\boot\spring-boot-transaction\4.0.1\spring-boot-transaction-4.0.1.jar;C:\Users\PC\.m2\repository\org\springframework\spring-jdbc\7.0.2\spring-jdbc-7.0.2.jar;C:\Users\PC\.m2\repository\org\springframework\boot\spring-boot-starter-web\4.0.1\spring-boot-starter-web-4.0.1.jar;C:\Users\PC\.m2\repository\org\springframework\boot\spring-boot-starter-jackson\4.0.1\spring-boot-starter-jackson-4.0.1.jar;C:\Users\PC\.m2\repository\org\springframework\boot\spring-boot-jackson\4.0.1\spring-boot-jackson-4.0.1.jar;C:\Users\PC\.m2\repository\tools\jackson\core\jackson-databind\3.0.3\jackson-databind-3.0.3.jar;C:\Users\PC\.m2\repository\com\fasterxml\jackson\core\jackson-annotations\2.20\jackson-annotations-2.20.jar;C:\Users\PC\.m2\repository\tools\jackson\core\jackson-core\3.0.3\jackson-core-3.0.3.jar;C:\Users\PC\.m2\repository\org\springframework\boot\spring-boot-starter-tomcat\4.0.1\spring-boot-starter-tomcat-4.0.1.jar;C:\Users\PC\.m2\repository\org\springframework\boot\spring-boot-starter-tomcat-runtime\4.0.1\spring-boot-starter-tomcat-runtime-4.0.1.jar;C:\Users\PC\.m2\repository\org\apache\tomcat\embed\tomcat-embed-core\11.0.15\tomcat-embed-core-11.0.15.jar;C:\Users\PC\.m2\repository\org\apache\tomcat\embed\tomcat-embed-websocket\11.0.15\tomcat-embed-websocket-11.0.15.jar;C:\Users\PC\.m2\repository\org\springframework\boot\spring-boot-tomcat\4.0.1\spring-boot-tomcat-4.0.1.jar;C:\Users\PC\.m2\repository\org\springframework\boot\spring-boot-http-converter\4.0.1\spring-boot-http-converter-4.0.1.jar;C:\Users\PC\.m2\repository\org\springframework\spring-web\7.0.2\spring-web-7.0.2.jar;C:\Users\PC\.m2\repository\io\micrometer\micrometer-observation\1.16.1\micrometer-observation-1.16.1.jar;C:\Users\PC\.m2\repository\io\micrometer\micrometer-commons\1.16.1\micrometer-commons-1.16.1.jar;C:\Users\PC\.m2\repository\org\springframework\boot\spring-boot-webmvc\4.0.1\spring-boot-webmvc-4.0.1.jar;C:\Users\PC\.m2\repository\org\springframework\boot\spring-boot-servlet\4.0.1\spring-boot-servlet-4.0.1.jar;C:\Users\PC\.m2\repository\org\springframework\spring-webmvc\7.0.2\spring-webmvc-7.0.2.jar;C:\Users\PC\.m2\repository\org\springframework\spring-expression\7.0.2\spring-expression-7.0.2.jar;C:\Users\PC\.m2\repository\org\modelmapper\modelmapper\3.2.4\modelmapper-3.2.4.jar;C:\Users\PC\.m2\repository\org\springframework\boot\spring-boot-devtools\4.0.1\spring-boot-devtools-4.0.1.jar;C:\Users\PC\.m2\repository\org\springframework\boot\spring-boot\4.0.1\spring-boot-4.0.1.jar;C:\Users\PC\.m2\repository\org\springframework\spring-core\7.0.2\spring-core-7.0.2.jar;C:\Users\PC\.m2\repository\commons-logging\commons-logging\1.3.5\commons-logging-1.3.5.jar;C:\Users\PC\.m2\repository\org\jspecify\jspecify\1.0.0\jspecify-1.0.0.jar;C:\Users\PC\.m2\repository\org\springframework\spring-context\7.0.2\spring-context-7.0.2.jar;C:\Users\PC\.m2\repository\org\springframework\boot\spring-boot-autoconfigure\4.0.1\spring-boot-autoconfigure-4.0.1.jar;C:\Users\PC\.m2\repository\org\postgresql\postgresql\42.7.8\postgresql-42.7.8.jar;C:\Users\PC\.m2\repository\org\checkerframework\checker-qual\3.49.5\checker-qual-3.49.5.jar;C:\Users\PC\.m2\repository\jakarta\xml\bind\jakarta.xml.bind-api\4.0.4\jakarta.xml.bind-api-4.0.4.jar;C:\Users\PC\.m2\repository\jakarta\activation\jakarta.activation-api\2.1.4\jakarta.activation-api-2.1.4.jar;C:\Users\PC\.m2\repository\net\bytebuddy\byte-buddy\1.17.8\byte-buddy-1.17.8.jar;C:\Users\PC\.m2\repository\org\springframework\boot\spring-boot-starter-validation\4.0.1\spring-boot-starter-validation-4.0.1.jar;C:\Users\PC\.m2\repository\org\springframework\boot\spring-boot-validation\4.0.1\spring-boot-validation-4.0.1.jar;C:\Users\PC\.m2\repository\org\apache\tomcat\embed\tomcat-embed-el\11.0.15\tomcat-embed-el-11.0.15.jar;C:\Users\PC\.m2\repository\org\hibernate\validator\hibernate-validator\9.0.1.Final\hibernate-validator-9.0.1.Final.jar;C:\Users\PC\.m2\repository\jakarta\validation\jakarta.validation-api\3.1.1\jakarta.validation-api-3.1.1.jar;C:\Users\PC\.m2\repository\org\jboss\logging\jboss-logging\3.6.1.Final\jboss-logging-3.6.1.Final.jar;C:\Users\PC\.m2\repository\com\fasterxml\classmate\1.7.1\classmate-1.7.1.jar;C:\Users\PC\.m2\repository\org\projectlombok\lombok\1.18.42\lombok-1.18.42.jar;C:\Users\PC\.m2\repository\org\springframework\boot\spring-boot-web-server\4.0.1\spring-boot-web-server-4.0.1.jar
Launcher Type: SUN_STANDARD

[Global flags]
     intx CICompilerCount                          = 4                                         {product} {ergonomic}
     uint ConcGCThreads                            = 2                                         {product} {ergonomic}
     uint G1ConcRefinementThreads                  = 8                                         {product} {ergonomic}
   size_t G1HeapRegionSize                         = 1048576                                   {product} {ergonomic}
    uintx GCDrainStackTargetSize                   = 64                                        {product} {ergonomic}
   size_t InitialHeapSize                          = 134217728                                 {product} {ergonomic}
   size_t MarkStackSize                            = 4194304                                   {product} {ergonomic}
   size_t MaxHeapSize                              = 2116026368                                {product} {ergonomic}
   size_t MaxNewSize                               = 1268776960                                {product} {ergonomic}
   size_t MinHeapDeltaBytes                        = 1048576                                   {product} {ergonomic}
   size_t MinHeapSize                              = 8388608                                   {product} {ergonomic}
    uintx NonNMethodCodeHeapSize                   = 5839372                                {pd product} {ergonomic}
    uintx NonProfiledCodeHeapSize                  = 122909434                              {pd product} {ergonomic}
    uintx ProfiledCodeHeapSize                     = 122909434                              {pd product} {ergonomic}
    uintx ReservedCodeCacheSize                    = 251658240                              {pd product} {ergonomic}
     bool SegmentedCodeCache                       = true                                      {product} {ergonomic}
     bool ShowCodeDetailsInExceptionMessages       = true                                   {manageable} {command line}
   size_t SoftMaxHeapSize                          = 2116026368                             {manageable} {ergonomic}
     bool UseCompressedOops                        = true                           {product lp64_product} {ergonomic}
     bool UseG1GC                                  = true                                      {product} {ergonomic}
     bool UseLargePagesIndividualAllocation        = false                                  {pd product} {ergonomic}

Logging:
Log output configuration:
 #0: stdout all=warning uptime,level,tags foldmultilines=false
 #1: stderr all=off uptime,level,tags foldmultilines=false

Environment Variables:
JAVA_HOME=C:\Program Files\Java\jdk-23
PATH=D:\product\21c\dbhomeXE\bin;C:\Program Files\Common Files\Oracle\Java\javapath;C:\Program Files (x86)\Common Files\Oracle\Java\java8path;C:\Program Files (x86)\Common Files\Oracle\Java\javapath;C:\WINDOWS\system32;C:\WINDOWS;C:\WINDOWS\System32\Wbem;C:\WINDOWS\System32\WindowsPowerShell\v1.0\;C:\WINDOWS\System32\OpenSSH\;C:\Program Files\Git\cmd;C:\Users\PC\AppData\Local\nvm;C:\nvm4w\nodejs;C:\Program Files\nodejs\;C:\Users\PC\AppData\Local\Programs\Python\Python312;C:\Users\PC\AppData\Local\Programs\Python\Python312\Scripts;C:\wamp64\bin\php\php8.3.14;C:\ProgramData\ComposerSetup\bin;C:\Users\PC\Downloads\stripe_1.27.0_windows_x86_64;C:\wamp64\bin\mysql\mysql9.1.0\bin;C:\Program Files\apache-maven-3.9.11\bin;C:\app\PC\product\21c\dbhomeXE\bin;C:\Program Files\MongoDB\Server\8.2\bin;C:\Program Files\MongoDB\Tools\100\bin;C:\Users\PC\AppData\Local\Programs\Python\Launcher\;D:\YASSINE\Reseau\New folder\gradle\gradle-8.11\bin;C:\Users\PC\AppData\Local\Microsoft\WindowsApps;C:\Users\PC\AppData\Local\Programs\Microsoft VS Code\bin;C:\Users\PC\AppData\Local\GitHubDesktop\bin;C:\Users\PC\AppData\Local\nvm;C:\nvm4w\nodejs;C:\Users\PC\AppData\Roaming\npm;C:\Users\PC\AppData\Roaming\Composer\vendor\bin;c:\Users\PC\.vscode\extensions\vscjava.vscode-java-debug-0.58.5\bundled\scripts\noConfigScripts
USERNAME=PC
LANG=en_US.UTF-8
OS=Windows_NT
PROCESSOR_IDENTIFIER=Intel64 Family 6 Model 142 Stepping 10, GenuineIntel
TMP=C:\Users\PC\AppData\Local\Temp
TEMP=C:\Users\PC\AppData\Local\Temp




Periodic native trim disabled

---------------  S Y S T E M  ---------------

OS:
 Windows 11 , 64 bit Build 26100 (10.0.26100.7309)
OS uptime: 0 days 3:18 hours
Hyper-V role detected

CPU: total 8 (initial active 8) (4 cores per cpu, 2 threads per core) family 6 model 142 stepping 10 microcode 0xe0, cx8, cmov, fxsr, ht, mmx, 3dnowpref, sse, sse2, sse3, ssse3, sse4.1, sse4.2, popcnt, lzcnt, tsc, tscinvbit, avx, avx2, aes, erms, clmul, bmi1, bmi2, adx, fma, vzeroupper, clflush, clflushopt, hv, rdtscp, f16c
Processor Information for all 8 processors :
  Max Mhz: 1800, Current Mhz: 1600, Mhz Limit: 1584

Memory: 4k page, system-wide physical 8071M (686M free)
TotalPageFile size 14316M (AvailPageFile size 19M)
current process WorkingSet (physical memory assigned to process): 293M, peak: 311M
current process commit charge ("private bytes"): 355M, peak: 372M

vm_info: Java HotSpot(TM) 64-Bit Server VM (21.0.4+8-LTS-274) for windows-amd64 JRE (21.0.4+8-LTS-274), built on 2024-06-05T05:23:33Z by "mach5one" with MS VC++ 17.6 (VS2022)

END.
